2023-11-23 16:25:03 error: uncaughtException: listen EADDRINUSE: address already in use :::3001
Error: listen EADDRINUSE: address already in use :::3001
    at Server.setupListenHandle [as _listen2] (node:net:1872:16)
    at listenInCluster (node:net:1920:12)
    at Server.listen (node:net:2008:7)
    at Function.listen (/Users/fernandolba/development/my-commerce/back/node_modules/express/lib/application.js:635:24)
    at App.listen (/Users/fernandolba/development/my-commerce/back/src/app.ts:106:14)
    at Object.<anonymous> (/Users/fernandolba/development/my-commerce/back/src/index.ts:14:5)
    at Module._compile (node:internal/modules/cjs/loader:1233:14)
    at Module._compile (/Users/fernandolba/development/my-commerce/back/node_modules/source-map-support/source-map-support.js:568:25)
    at Module.m._compile (/private/var/folders/y2/tl2vlwcd3x1bl4vhnjklflkc0000gn/T/ts-node-dev-hook-5670413575530275.js:69:33)
    at Module._extensions..js (node:internal/modules/cjs/loader:1287:10)
2023-11-23 16:27:47 error: uncaughtException: listen EADDRINUSE: address already in use :::3001
Error: listen EADDRINUSE: address already in use :::3001
    at Server.setupListenHandle [as _listen2] (node:net:1872:16)
    at listenInCluster (node:net:1920:12)
    at Server.listen (node:net:2008:7)
    at Function.listen (/Users/fernandolba/development/my-commerce/back/node_modules/express/lib/application.js:635:24)
    at App.listen (/Users/fernandolba/development/my-commerce/back/src/app.ts:106:14)
    at Object.<anonymous> (/Users/fernandolba/development/my-commerce/back/src/index.ts:14:5)
    at Module._compile (node:internal/modules/cjs/loader:1233:14)
    at Module._compile (/Users/fernandolba/development/my-commerce/back/node_modules/source-map-support/source-map-support.js:568:25)
    at Module.m._compile (/private/var/folders/y2/tl2vlwcd3x1bl4vhnjklflkc0000gn/T/ts-node-dev-hook-6820584610324871.js:69:33)
    at Module._extensions..js (node:internal/modules/cjs/loader:1287:10)
2023-11-23 17:15:59 error: uncaughtException: listen EADDRINUSE: address already in use :::3001
Error: listen EADDRINUSE: address already in use :::3001
    at Server.setupListenHandle [as _listen2] (node:net:1872:16)
    at listenInCluster (node:net:1920:12)
    at Server.listen (node:net:2008:7)
    at Function.listen (/Users/fernandolba/development/my-commerce/back/node_modules/express/lib/application.js:635:24)
    at App.listen (/Users/fernandolba/development/my-commerce/back/src/app.ts:106:14)
    at Object.<anonymous> (/Users/fernandolba/development/my-commerce/back/src/index.ts:14:5)
    at Module._compile (node:internal/modules/cjs/loader:1233:14)
    at Module._compile (/Users/fernandolba/development/my-commerce/back/node_modules/source-map-support/source-map-support.js:568:25)
    at Module.m._compile (/private/var/folders/y2/tl2vlwcd3x1bl4vhnjklflkc0000gn/T/ts-node-dev-hook-23046519934274867.js:69:33)
    at Module._extensions..js (node:internal/modules/cjs/loader:1287:10)
2023-11-23 17:16:08 error: uncaughtException: listen EADDRINUSE: address already in use :::3001
Error: listen EADDRINUSE: address already in use :::3001
    at Server.setupListenHandle [as _listen2] (node:net:1872:16)
    at listenInCluster (node:net:1920:12)
    at Server.listen (node:net:2008:7)
    at Function.listen (/Users/fernandolba/development/my-commerce/back/node_modules/express/lib/application.js:635:24)
    at App.listen (/Users/fernandolba/development/my-commerce/back/src/app.ts:106:14)
    at Object.<anonymous> (/Users/fernandolba/development/my-commerce/back/src/index.ts:14:5)
    at Module._compile (node:internal/modules/cjs/loader:1233:14)
    at Module._compile (/Users/fernandolba/development/my-commerce/back/node_modules/source-map-support/source-map-support.js:568:25)
    at Module.m._compile (/private/var/folders/y2/tl2vlwcd3x1bl4vhnjklflkc0000gn/T/ts-node-dev-hook-08346157688275069.js:69:33)
    at Module._extensions..js (node:internal/modules/cjs/loader:1287:10)
2023-11-23 20:50:34 error: ER_BAD_FIELD_ERROR: Unknown column 'UserEntity.role' in 'field list'
2023-11-23 20:50:37 error: ER_BAD_FIELD_ERROR: Unknown column 'UserEntity.role' in 'field list'
2023-11-23 20:50:38 error: ER_BAD_FIELD_ERROR: Unknown column 'UserEntity.role' in 'field list'
2023-11-23 20:50:39 error: ER_BAD_FIELD_ERROR: Unknown column 'UserEntity.role' in 'field list'
2023-11-23 20:52:37 error: ER_BAD_FIELD_ERROR: Unknown column 'UserEntity.role' in 'field list'
2023-11-23 20:52:38 error: ER_BAD_FIELD_ERROR: Unknown column 'UserEntity.role' in 'field list'
2023-11-23 20:53:01 error: uncaughtException: ER_TABLE_EXISTS_ERROR: Table 'testimonial_usage' already exists
QueryFailedError: ER_TABLE_EXISTS_ERROR: Table 'testimonial_usage' already exists
    at Query.<anonymous> (/Users/fernandolba/development/my-commerce/back/src/driver/mysql/MysqlQueryRunner.ts:222:33)
    at Query.<anonymous> (/Users/fernandolba/development/my-commerce/back/node_modules/mysql/lib/Connection.js:526:10)
    at Query._callback (/Users/fernandolba/development/my-commerce/back/node_modules/mysql/lib/Connection.js:488:16)
    at Query.Sequence.end (/Users/fernandolba/development/my-commerce/back/node_modules/mysql/lib/protocol/sequences/Sequence.js:83:24)
    at Query.ErrorPacket (/Users/fernandolba/development/my-commerce/back/node_modules/mysql/lib/protocol/sequences/Query.js:92:8)
    at Protocol._parsePacket (/Users/fernandolba/development/my-commerce/back/node_modules/mysql/lib/protocol/Protocol.js:291:23)
    at Parser._parsePacket (/Users/fernandolba/development/my-commerce/back/node_modules/mysql/lib/protocol/Parser.js:433:10)
    at Parser.write (/Users/fernandolba/development/my-commerce/back/node_modules/mysql/lib/protocol/Parser.js:43:10)
    at Protocol.write (/Users/fernandolba/development/my-commerce/back/node_modules/mysql/lib/protocol/Protocol.js:38:16)
    at Socket.<anonymous> (/Users/fernandolba/development/my-commerce/back/node_modules/mysql/lib/Connection.js:88:28)
2023-11-23 20:53:01 error: uncaughtException: ER_TABLE_EXISTS_ERROR: Table 'testimonial_usage' already exists
QueryFailedError: ER_TABLE_EXISTS_ERROR: Table 'testimonial_usage' already exists
    at Query.<anonymous> (/Users/fernandolba/development/my-commerce/back/src/driver/mysql/MysqlQueryRunner.ts:222:33)
    at Query.<anonymous> (/Users/fernandolba/development/my-commerce/back/node_modules/mysql/lib/Connection.js:526:10)
    at Query._callback (/Users/fernandolba/development/my-commerce/back/node_modules/mysql/lib/Connection.js:488:16)
    at Query.Sequence.end (/Users/fernandolba/development/my-commerce/back/node_modules/mysql/lib/protocol/sequences/Sequence.js:83:24)
    at Query.ErrorPacket (/Users/fernandolba/development/my-commerce/back/node_modules/mysql/lib/protocol/sequences/Query.js:92:8)
    at Protocol._parsePacket (/Users/fernandolba/development/my-commerce/back/node_modules/mysql/lib/protocol/Protocol.js:291:23)
    at Parser._parsePacket (/Users/fernandolba/development/my-commerce/back/node_modules/mysql/lib/protocol/Parser.js:433:10)
    at Parser.write (/Users/fernandolba/development/my-commerce/back/node_modules/mysql/lib/protocol/Parser.js:43:10)
    at Protocol.write (/Users/fernandolba/development/my-commerce/back/node_modules/mysql/lib/protocol/Protocol.js:38:16)
    at Socket.<anonymous> (/Users/fernandolba/development/my-commerce/back/node_modules/mysql/lib/Connection.js:88:28)
2023-11-23 20:55:12 error: uncaughtException: ER_TABLE_EXISTS_ERROR: Table 'testimonial_usage' already exists
QueryFailedError: ER_TABLE_EXISTS_ERROR: Table 'testimonial_usage' already exists
    at Query.<anonymous> (/Users/fernandolba/development/my-commerce/back/src/driver/mysql/MysqlQueryRunner.ts:222:33)
    at Query.<anonymous> (/Users/fernandolba/development/my-commerce/back/node_modules/mysql/lib/Connection.js:526:10)
    at Query._callback (/Users/fernandolba/development/my-commerce/back/node_modules/mysql/lib/Connection.js:488:16)
    at Query.Sequence.end (/Users/fernandolba/development/my-commerce/back/node_modules/mysql/lib/protocol/sequences/Sequence.js:83:24)
    at Query.ErrorPacket (/Users/fernandolba/development/my-commerce/back/node_modules/mysql/lib/protocol/sequences/Query.js:92:8)
    at Protocol._parsePacket (/Users/fernandolba/development/my-commerce/back/node_modules/mysql/lib/protocol/Protocol.js:291:23)
    at Parser._parsePacket (/Users/fernandolba/development/my-commerce/back/node_modules/mysql/lib/protocol/Parser.js:433:10)
    at Parser.write (/Users/fernandolba/development/my-commerce/back/node_modules/mysql/lib/protocol/Parser.js:43:10)
    at Protocol.write (/Users/fernandolba/development/my-commerce/back/node_modules/mysql/lib/protocol/Protocol.js:38:16)
    at Socket.<anonymous> (/Users/fernandolba/development/my-commerce/back/node_modules/mysql/lib/Connection.js:88:28)
2023-11-23 20:55:12 error: uncaughtException: Cannot execute operation on "default" connection because connection is not yet established.
CannotExecuteNotConnectedError: Cannot execute operation on "default" connection because connection is not yet established.
    at DataSource.destroy (/Users/fernandolba/development/my-commerce/back/src/data-source/DataSource.ts:302:19)
    at DataSource.initialize (/Users/fernandolba/development/my-commerce/back/src/data-source/DataSource.ts:277:24)
    at processTicksAndRejections (node:internal/process/task_queues:95:5)
    at UserService.initRepository (/Users/fernandolba/development/my-commerce/back/src/config/base.service.ts:27:24)
2023-11-23 20:57:25 error: uncaughtException: Cannot execute operation on "default" connection because connection is not yet established.
CannotExecuteNotConnectedError: Cannot execute operation on "default" connection because connection is not yet established.
    at DataSource.destroy (/Users/fernandolba/development/my-commerce/back/src/data-source/DataSource.ts:302:19)
    at DataSource.initialize (/Users/fernandolba/development/my-commerce/back/src/data-source/DataSource.ts:277:24)
    at processTicksAndRejections (node:internal/process/task_queues:95:5)
    at UserService.initRepository (/Users/fernandolba/development/my-commerce/back/src/config/base.service.ts:27:24)
2023-11-23 20:57:25 error: uncaughtException: ER_TABLE_EXISTS_ERROR: Table 'testimonial_usage' already exists
QueryFailedError: ER_TABLE_EXISTS_ERROR: Table 'testimonial_usage' already exists
    at Query.<anonymous> (/Users/fernandolba/development/my-commerce/back/src/driver/mysql/MysqlQueryRunner.ts:222:33)
    at Query.<anonymous> (/Users/fernandolba/development/my-commerce/back/node_modules/mysql/lib/Connection.js:526:10)
    at Query._callback (/Users/fernandolba/development/my-commerce/back/node_modules/mysql/lib/Connection.js:488:16)
    at Query.Sequence.end (/Users/fernandolba/development/my-commerce/back/node_modules/mysql/lib/protocol/sequences/Sequence.js:83:24)
    at Query.ErrorPacket (/Users/fernandolba/development/my-commerce/back/node_modules/mysql/lib/protocol/sequences/Query.js:92:8)
    at Protocol._parsePacket (/Users/fernandolba/development/my-commerce/back/node_modules/mysql/lib/protocol/Protocol.js:291:23)
    at Parser._parsePacket (/Users/fernandolba/development/my-commerce/back/node_modules/mysql/lib/protocol/Parser.js:433:10)
    at Parser.write (/Users/fernandolba/development/my-commerce/back/node_modules/mysql/lib/protocol/Parser.js:43:10)
    at Protocol.write (/Users/fernandolba/development/my-commerce/back/node_modules/mysql/lib/protocol/Protocol.js:38:16)
    at Socket.<anonymous> (/Users/fernandolba/development/my-commerce/back/node_modules/mysql/lib/Connection.js:88:28)
2023-11-23 20:59:38 error: uncaughtException: ER_TABLE_EXISTS_ERROR: Table 'testimonial_usage' already exists
QueryFailedError: ER_TABLE_EXISTS_ERROR: Table 'testimonial_usage' already exists
    at Query.<anonymous> (/Users/fernandolba/development/my-commerce/back/src/driver/mysql/MysqlQueryRunner.ts:222:33)
    at Query.<anonymous> (/Users/fernandolba/development/my-commerce/back/node_modules/mysql/lib/Connection.js:526:10)
    at Query._callback (/Users/fernandolba/development/my-commerce/back/node_modules/mysql/lib/Connection.js:488:16)
    at Query.Sequence.end (/Users/fernandolba/development/my-commerce/back/node_modules/mysql/lib/protocol/sequences/Sequence.js:83:24)
    at Query.ErrorPacket (/Users/fernandolba/development/my-commerce/back/node_modules/mysql/lib/protocol/sequences/Query.js:92:8)
    at Protocol._parsePacket (/Users/fernandolba/development/my-commerce/back/node_modules/mysql/lib/protocol/Protocol.js:291:23)
    at Parser._parsePacket (/Users/fernandolba/development/my-commerce/back/node_modules/mysql/lib/protocol/Parser.js:433:10)
    at Parser.write (/Users/fernandolba/development/my-commerce/back/node_modules/mysql/lib/protocol/Parser.js:43:10)
    at Protocol.write (/Users/fernandolba/development/my-commerce/back/node_modules/mysql/lib/protocol/Protocol.js:38:16)
    at Socket.<anonymous> (/Users/fernandolba/development/my-commerce/back/node_modules/mysql/lib/Connection.js:88:28)
2023-11-23 20:59:38 error: uncaughtException: Cannot execute operation on "default" connection because connection is not yet established.
CannotExecuteNotConnectedError: Cannot execute operation on "default" connection because connection is not yet established.
    at DataSource.destroy (/Users/fernandolba/development/my-commerce/back/src/data-source/DataSource.ts:302:19)
    at DataSource.initialize (/Users/fernandolba/development/my-commerce/back/src/data-source/DataSource.ts:277:24)
    at processTicksAndRejections (node:internal/process/task_queues:95:5)
    at UserService.initRepository (/Users/fernandolba/development/my-commerce/back/src/config/base.service.ts:27:24)
2023-11-23 21:01:32 error: uncaughtException: Cannot execute operation on "default" connection because connection is not yet established.
CannotExecuteNotConnectedError: Cannot execute operation on "default" connection because connection is not yet established.
    at DataSource.destroy (/Users/fernandolba/development/my-commerce/back/src/data-source/DataSource.ts:302:19)
    at DataSource.initialize (/Users/fernandolba/development/my-commerce/back/src/data-source/DataSource.ts:277:24)
    at processTicksAndRejections (node:internal/process/task_queues:95:5)
    at CustomerService.initRepository (/Users/fernandolba/development/my-commerce/back/src/config/base.service.ts:27:24)
2023-11-23 21:01:32 error: uncaughtException: ER_TABLE_EXISTS_ERROR: Table 'testimonial_usage' already exists
QueryFailedError: ER_TABLE_EXISTS_ERROR: Table 'testimonial_usage' already exists
    at Query.<anonymous> (/Users/fernandolba/development/my-commerce/back/src/driver/mysql/MysqlQueryRunner.ts:222:33)
    at Query.<anonymous> (/Users/fernandolba/development/my-commerce/back/node_modules/mysql/lib/Connection.js:526:10)
    at Query._callback (/Users/fernandolba/development/my-commerce/back/node_modules/mysql/lib/Connection.js:488:16)
    at Query.Sequence.end (/Users/fernandolba/development/my-commerce/back/node_modules/mysql/lib/protocol/sequences/Sequence.js:83:24)
    at Query.ErrorPacket (/Users/fernandolba/development/my-commerce/back/node_modules/mysql/lib/protocol/sequences/Query.js:92:8)
    at Protocol._parsePacket (/Users/fernandolba/development/my-commerce/back/node_modules/mysql/lib/protocol/Protocol.js:291:23)
    at Parser._parsePacket (/Users/fernandolba/development/my-commerce/back/node_modules/mysql/lib/protocol/Parser.js:433:10)
    at Parser.write (/Users/fernandolba/development/my-commerce/back/node_modules/mysql/lib/protocol/Parser.js:43:10)
    at Protocol.write (/Users/fernandolba/development/my-commerce/back/node_modules/mysql/lib/protocol/Protocol.js:38:16)
    at Socket.<anonymous> (/Users/fernandolba/development/my-commerce/back/node_modules/mysql/lib/Connection.js:88:28)
2023-11-23 21:03:50 error: uncaughtException: listen EADDRINUSE: address already in use :::3001
Error: listen EADDRINUSE: address already in use :::3001
    at Server.setupListenHandle [as _listen2] (node:net:1872:16)
    at listenInCluster (node:net:1920:12)
    at Server.listen (node:net:2008:7)
    at Function.listen (/Users/fernandolba/development/my-commerce/back/node_modules/express/lib/application.js:635:24)
    at App.listen (/Users/fernandolba/development/my-commerce/back/src/app.ts:106:14)
    at Object.<anonymous> (/Users/fernandolba/development/my-commerce/back/src/index.ts:14:5)
    at Module._compile (node:internal/modules/cjs/loader:1233:14)
    at Module._compile (/Users/fernandolba/development/my-commerce/back/node_modules/source-map-support/source-map-support.js:568:25)
    at Module.m._compile (/private/var/folders/y2/tl2vlwcd3x1bl4vhnjklflkc0000gn/T/ts-node-dev-hook-1530214516921804.js:69:33)
    at Module._extensions..js (node:internal/modules/cjs/loader:1287:10)
2023-11-23 21:09:01 error: uncaughtException: ER_TABLE_EXISTS_ERROR: Table 'testimonial_usage' already exists
QueryFailedError: ER_TABLE_EXISTS_ERROR: Table 'testimonial_usage' already exists
    at Query.<anonymous> (/Users/fernandolba/development/my-commerce/back/src/driver/mysql/MysqlQueryRunner.ts:222:33)
    at Query.<anonymous> (/Users/fernandolba/development/my-commerce/back/node_modules/mysql/lib/Connection.js:526:10)
    at Query._callback (/Users/fernandolba/development/my-commerce/back/node_modules/mysql/lib/Connection.js:488:16)
    at Query.Sequence.end (/Users/fernandolba/development/my-commerce/back/node_modules/mysql/lib/protocol/sequences/Sequence.js:83:24)
    at Query.ErrorPacket (/Users/fernandolba/development/my-commerce/back/node_modules/mysql/lib/protocol/sequences/Query.js:92:8)
    at Protocol._parsePacket (/Users/fernandolba/development/my-commerce/back/node_modules/mysql/lib/protocol/Protocol.js:291:23)
    at Parser._parsePacket (/Users/fernandolba/development/my-commerce/back/node_modules/mysql/lib/protocol/Parser.js:433:10)
    at Parser.write (/Users/fernandolba/development/my-commerce/back/node_modules/mysql/lib/protocol/Parser.js:43:10)
    at Protocol.write (/Users/fernandolba/development/my-commerce/back/node_modules/mysql/lib/protocol/Protocol.js:38:16)
    at Socket.<anonymous> (/Users/fernandolba/development/my-commerce/back/node_modules/mysql/lib/Connection.js:88:28)
2023-11-23 21:09:01 error: uncaughtException: ER_TABLE_EXISTS_ERROR: Table 'testimonial_usage' already exists
QueryFailedError: ER_TABLE_EXISTS_ERROR: Table 'testimonial_usage' already exists
    at Query.<anonymous> (/Users/fernandolba/development/my-commerce/back/src/driver/mysql/MysqlQueryRunner.ts:222:33)
    at Query.<anonymous> (/Users/fernandolba/development/my-commerce/back/node_modules/mysql/lib/Connection.js:526:10)
    at Query._callback (/Users/fernandolba/development/my-commerce/back/node_modules/mysql/lib/Connection.js:488:16)
    at Query.Sequence.end (/Users/fernandolba/development/my-commerce/back/node_modules/mysql/lib/protocol/sequences/Sequence.js:83:24)
    at Query.ErrorPacket (/Users/fernandolba/development/my-commerce/back/node_modules/mysql/lib/protocol/sequences/Query.js:92:8)
    at Protocol._parsePacket (/Users/fernandolba/development/my-commerce/back/node_modules/mysql/lib/protocol/Protocol.js:291:23)
    at Parser._parsePacket (/Users/fernandolba/development/my-commerce/back/node_modules/mysql/lib/protocol/Parser.js:433:10)
    at Parser.write (/Users/fernandolba/development/my-commerce/back/node_modules/mysql/lib/protocol/Parser.js:43:10)
    at Protocol.write (/Users/fernandolba/development/my-commerce/back/node_modules/mysql/lib/protocol/Protocol.js:38:16)
    at Socket.<anonymous> (/Users/fernandolba/development/my-commerce/back/node_modules/mysql/lib/Connection.js:88:28)
2023-11-23 21:09:13 error: uncaughtException: ⨯ Unable to compile TypeScript:
src/migrations/1681853011577-initialMigration.ts(6,19): error TS6133: 'queryRunner' is declared but its value is never read.

Error: ⨯ Unable to compile TypeScript:
src/migrations/1681853011577-initialMigration.ts(6,19): error TS6133: 'queryRunner' is declared but its value is never read.

    at Object.<anonymous> (/Users/fernandolba/development/my-commerce/back/src/migrations/1681853011577-initialMigration.ts:1:7)
    at Module._compile (node:internal/modules/cjs/loader:1233:14)
    at Module._compile (/Users/fernandolba/development/my-commerce/back/node_modules/source-map-support/source-map-support.js:568:25)
    at Module.m._compile (/private/var/folders/y2/tl2vlwcd3x1bl4vhnjklflkc0000gn/T/ts-node-dev-hook-6885511287488932.js:69:33)
    at Module._extensions..js (node:internal/modules/cjs/loader:1287:10)
    at require.extensions..jsx.require.extensions..js (/private/var/folders/y2/tl2vlwcd3x1bl4vhnjklflkc0000gn/T/ts-node-dev-hook-6885511287488932.js:114:20)
    at require.extensions.<computed> (/private/var/folders/y2/tl2vlwcd3x1bl4vhnjklflkc0000gn/T/ts-node-dev-hook-6885511287488932.js:71:20)
    at Object.nodeDevHook [as .ts] (/Users/fernandolba/development/my-commerce/back/node_modules/ts-node-dev/lib/hook.js:63:13)
    at Module.load (node:internal/modules/cjs/loader:1091:32)
    at Function.Module._load (node:internal/modules/cjs/loader:938:12)
2023-11-23 21:09:13 error: uncaughtException: write EPIPE
Error: write EPIPE
    at process.target._send (node:internal/child_process:879:20)
    at process.target.send (node:internal/child_process:752:19)
    at Object.exports.send (/Users/fernandolba/development/my-commerce/back/node_modules/ts-node-dev/lib/ipc.js:17:14)
    at /Users/fernandolba/development/my-commerce/back/node_modules/ts-node-dev/lib/wrap.js:88:9
    at Object.nodeDevHook [as .ts] (/Users/fernandolba/development/my-commerce/back/node_modules/ts-node-dev/lib/hook.js:61:17)
    at Module.load (node:internal/modules/cjs/loader:1091:32)
    at Function.Module._load (node:internal/modules/cjs/loader:938:12)
    at Module.require (node:internal/modules/cjs/loader:1115:19)
    at require (node:internal/modules/helpers:130:18)
    at tryToRequire (/Users/fernandolba/development/my-commerce/back/src/util/ImportUtils.ts:21:17)
2023-11-23 21:09:13 error: uncaughtException: write EPIPE
Error: write EPIPE
    at process.target._send (node:internal/child_process:879:20)
    at process.target.send (node:internal/child_process:752:19)
    at compile (/private/var/folders/y2/tl2vlwcd3x1bl4vhnjklflkc0000gn/T/ts-node-dev-hook-6885511287488932.js:46:21)
    at Module.m._compile (/private/var/folders/y2/tl2vlwcd3x1bl4vhnjklflkc0000gn/T/ts-node-dev-hook-6885511287488932.js:69:44)
    at Module._extensions..js (node:internal/modules/cjs/loader:1287:10)
    at require.extensions..jsx.require.extensions..js (/private/var/folders/y2/tl2vlwcd3x1bl4vhnjklflkc0000gn/T/ts-node-dev-hook-6885511287488932.js:114:20)
    at require.extensions.<computed> (/private/var/folders/y2/tl2vlwcd3x1bl4vhnjklflkc0000gn/T/ts-node-dev-hook-6885511287488932.js:71:20)
    at Object.nodeDevHook [as .ts] (/Users/fernandolba/development/my-commerce/back/node_modules/ts-node-dev/lib/hook.js:63:13)
    at Module.load (node:internal/modules/cjs/loader:1091:32)
    at Function.Module._load (node:internal/modules/cjs/loader:938:12)
2023-11-23 21:09:13 error: uncaughtException: ⨯ Unable to compile TypeScript:
src/migrations/1681853011577-initialMigration.ts(6,19): error TS6133: 'queryRunner' is declared but its value is never read.

Error: ⨯ Unable to compile TypeScript:
src/migrations/1681853011577-initialMigration.ts(6,19): error TS6133: 'queryRunner' is declared but its value is never read.

    at Object.<anonymous> (/Users/fernandolba/development/my-commerce/back/src/migrations/1681853011577-initialMigration.ts:1:7)
    at Module._compile (node:internal/modules/cjs/loader:1233:14)
    at Module._compile (/Users/fernandolba/development/my-commerce/back/node_modules/source-map-support/source-map-support.js:568:25)
    at Module.m._compile (/private/var/folders/y2/tl2vlwcd3x1bl4vhnjklflkc0000gn/T/ts-node-dev-hook-6885511287488932.js:69:33)
    at Module._extensions..js (node:internal/modules/cjs/loader:1287:10)
    at require.extensions..jsx.require.extensions..js (/private/var/folders/y2/tl2vlwcd3x1bl4vhnjklflkc0000gn/T/ts-node-dev-hook-6885511287488932.js:114:20)
    at require.extensions.<computed> (/private/var/folders/y2/tl2vlwcd3x1bl4vhnjklflkc0000gn/T/ts-node-dev-hook-6885511287488932.js:71:20)
    at Object.nodeDevHook [as .ts] (/Users/fernandolba/development/my-commerce/back/node_modules/ts-node-dev/lib/hook.js:63:13)
    at Module.load (node:internal/modules/cjs/loader:1091:32)
    at Function.Module._load (node:internal/modules/cjs/loader:938:12)
2023-11-23 21:09:17 error: uncaughtException: ⨯ Unable to compile TypeScript:
src/migrations/1681853011577-initialMigration.ts(6,19): error TS6133: 'queryRunner' is declared but its value is never read.

Error: ⨯ Unable to compile TypeScript:
src/migrations/1681853011577-initialMigration.ts(6,19): error TS6133: 'queryRunner' is declared but its value is never read.

    at Object.<anonymous> (/Users/fernandolba/development/my-commerce/back/src/migrations/1681853011577-initialMigration.ts:1:7)
    at Module._compile (node:internal/modules/cjs/loader:1233:14)
    at Module._compile (/Users/fernandolba/development/my-commerce/back/node_modules/source-map-support/source-map-support.js:568:25)
    at Module.m._compile (/private/var/folders/y2/tl2vlwcd3x1bl4vhnjklflkc0000gn/T/ts-node-dev-hook-6885511287488932.js:69:33)
    at Module._extensions..js (node:internal/modules/cjs/loader:1287:10)
    at require.extensions..jsx.require.extensions..js (/private/var/folders/y2/tl2vlwcd3x1bl4vhnjklflkc0000gn/T/ts-node-dev-hook-6885511287488932.js:114:20)
    at require.extensions.<computed> (/private/var/folders/y2/tl2vlwcd3x1bl4vhnjklflkc0000gn/T/ts-node-dev-hook-6885511287488932.js:71:20)
    at Object.nodeDevHook [as .ts] (/Users/fernandolba/development/my-commerce/back/node_modules/ts-node-dev/lib/hook.js:63:13)
    at Module.load (node:internal/modules/cjs/loader:1091:32)
    at Function.Module._load (node:internal/modules/cjs/loader:938:12)
2023-11-23 21:09:17 error: uncaughtException: write EPIPE
Error: write EPIPE
    at process.target._send (node:internal/child_process:879:20)
    at process.target.send (node:internal/child_process:752:19)
    at Object.exports.send (/Users/fernandolba/development/my-commerce/back/node_modules/ts-node-dev/lib/ipc.js:17:14)
    at /Users/fernandolba/development/my-commerce/back/node_modules/ts-node-dev/lib/wrap.js:88:9
    at Object.nodeDevHook [as .ts] (/Users/fernandolba/development/my-commerce/back/node_modules/ts-node-dev/lib/hook.js:61:17)
    at Module.load (node:internal/modules/cjs/loader:1091:32)
    at Function.Module._load (node:internal/modules/cjs/loader:938:12)
    at Module.require (node:internal/modules/cjs/loader:1115:19)
    at require (node:internal/modules/helpers:130:18)
    at tryToRequire (/Users/fernandolba/development/my-commerce/back/src/util/ImportUtils.ts:21:17)
2023-11-23 21:09:17 error: uncaughtException: write EPIPE
Error: write EPIPE
    at process.target._send (node:internal/child_process:879:20)
    at process.target.send (node:internal/child_process:752:19)
    at compile (/private/var/folders/y2/tl2vlwcd3x1bl4vhnjklflkc0000gn/T/ts-node-dev-hook-6885511287488932.js:46:21)
    at Module.m._compile (/private/var/folders/y2/tl2vlwcd3x1bl4vhnjklflkc0000gn/T/ts-node-dev-hook-6885511287488932.js:69:44)
    at Module._extensions..js (node:internal/modules/cjs/loader:1287:10)
    at require.extensions..jsx.require.extensions..js (/private/var/folders/y2/tl2vlwcd3x1bl4vhnjklflkc0000gn/T/ts-node-dev-hook-6885511287488932.js:114:20)
    at require.extensions.<computed> (/private/var/folders/y2/tl2vlwcd3x1bl4vhnjklflkc0000gn/T/ts-node-dev-hook-6885511287488932.js:71:20)
    at Object.nodeDevHook [as .ts] (/Users/fernandolba/development/my-commerce/back/node_modules/ts-node-dev/lib/hook.js:63:13)
    at Module.load (node:internal/modules/cjs/loader:1091:32)
    at Function.Module._load (node:internal/modules/cjs/loader:938:12)
2023-11-23 21:09:17 error: uncaughtException: Cannot execute operation on "default" connection because connection is not yet established.
CannotExecuteNotConnectedError: Cannot execute operation on "default" connection because connection is not yet established.
    at DataSource.destroy (/Users/fernandolba/development/my-commerce/back/src/data-source/DataSource.ts:302:19)
    at DataSource.initialize (/Users/fernandolba/development/my-commerce/back/src/data-source/DataSource.ts:277:24)
    at UserService.initRepository (/Users/fernandolba/development/my-commerce/back/src/config/base.service.ts:27:24)
2023-11-23 21:09:21 error: uncaughtException: ⨯ Unable to compile TypeScript:
src/migrations/1681853011577-initialMigration.ts(6,19): error TS6133: 'queryRunner' is declared but its value is never read.

Error: ⨯ Unable to compile TypeScript:
src/migrations/1681853011577-initialMigration.ts(6,19): error TS6133: 'queryRunner' is declared but its value is never read.

    at Object.<anonymous> (/Users/fernandolba/development/my-commerce/back/src/migrations/1681853011577-initialMigration.ts:1:7)
    at Module._compile (node:internal/modules/cjs/loader:1233:14)
    at Module._compile (/Users/fernandolba/development/my-commerce/back/node_modules/source-map-support/source-map-support.js:568:25)
    at Module.m._compile (/private/var/folders/y2/tl2vlwcd3x1bl4vhnjklflkc0000gn/T/ts-node-dev-hook-6885511287488932.js:69:33)
    at Module._extensions..js (node:internal/modules/cjs/loader:1287:10)
    at require.extensions..jsx.require.extensions..js (/private/var/folders/y2/tl2vlwcd3x1bl4vhnjklflkc0000gn/T/ts-node-dev-hook-6885511287488932.js:114:20)
    at require.extensions.<computed> (/private/var/folders/y2/tl2vlwcd3x1bl4vhnjklflkc0000gn/T/ts-node-dev-hook-6885511287488932.js:71:20)
    at Object.nodeDevHook [as .ts] (/Users/fernandolba/development/my-commerce/back/node_modules/ts-node-dev/lib/hook.js:63:13)
    at Module.load (node:internal/modules/cjs/loader:1091:32)
    at Function.Module._load (node:internal/modules/cjs/loader:938:12)
2023-11-23 21:09:21 error: uncaughtException: write EPIPE
Error: write EPIPE
    at process.target._send (node:internal/child_process:879:20)
    at process.target.send (node:internal/child_process:752:19)
    at Object.exports.send (/Users/fernandolba/development/my-commerce/back/node_modules/ts-node-dev/lib/ipc.js:17:14)
    at /Users/fernandolba/development/my-commerce/back/node_modules/ts-node-dev/lib/wrap.js:88:9
    at Object.nodeDevHook [as .ts] (/Users/fernandolba/development/my-commerce/back/node_modules/ts-node-dev/lib/hook.js:61:17)
    at Module.load (node:internal/modules/cjs/loader:1091:32)
    at Function.Module._load (node:internal/modules/cjs/loader:938:12)
    at Module.require (node:internal/modules/cjs/loader:1115:19)
    at require (node:internal/modules/helpers:130:18)
    at tryToRequire (/Users/fernandolba/development/my-commerce/back/src/util/ImportUtils.ts:21:17)
2023-11-23 21:09:21 error: uncaughtException: write EPIPE
Error: write EPIPE
    at process.target._send (node:internal/child_process:879:20)
    at process.target.send (node:internal/child_process:752:19)
    at compile (/private/var/folders/y2/tl2vlwcd3x1bl4vhnjklflkc0000gn/T/ts-node-dev-hook-6885511287488932.js:46:21)
    at Module.m._compile (/private/var/folders/y2/tl2vlwcd3x1bl4vhnjklflkc0000gn/T/ts-node-dev-hook-6885511287488932.js:69:44)
    at Module._extensions..js (node:internal/modules/cjs/loader:1287:10)
    at require.extensions..jsx.require.extensions..js (/private/var/folders/y2/tl2vlwcd3x1bl4vhnjklflkc0000gn/T/ts-node-dev-hook-6885511287488932.js:114:20)
    at require.extensions.<computed> (/private/var/folders/y2/tl2vlwcd3x1bl4vhnjklflkc0000gn/T/ts-node-dev-hook-6885511287488932.js:71:20)
    at Object.nodeDevHook [as .ts] (/Users/fernandolba/development/my-commerce/back/node_modules/ts-node-dev/lib/hook.js:63:13)
    at Module.load (node:internal/modules/cjs/loader:1091:32)
    at Function.Module._load (node:internal/modules/cjs/loader:938:12)
2023-11-23 21:09:21 error: uncaughtException: ⨯ Unable to compile TypeScript:
src/migrations/1681853011577-initialMigration.ts(6,19): error TS6133: 'queryRunner' is declared but its value is never read.

Error: ⨯ Unable to compile TypeScript:
src/migrations/1681853011577-initialMigration.ts(6,19): error TS6133: 'queryRunner' is declared but its value is never read.

    at Object.<anonymous> (/Users/fernandolba/development/my-commerce/back/src/migrations/1681853011577-initialMigration.ts:1:7)
    at Module._compile (node:internal/modules/cjs/loader:1233:14)
    at Module._compile (/Users/fernandolba/development/my-commerce/back/node_modules/source-map-support/source-map-support.js:568:25)
    at Module.m._compile (/private/var/folders/y2/tl2vlwcd3x1bl4vhnjklflkc0000gn/T/ts-node-dev-hook-6885511287488932.js:69:33)
    at Module._extensions..js (node:internal/modules/cjs/loader:1287:10)
    at require.extensions..jsx.require.extensions..js (/private/var/folders/y2/tl2vlwcd3x1bl4vhnjklflkc0000gn/T/ts-node-dev-hook-6885511287488932.js:114:20)
    at require.extensions.<computed> (/private/var/folders/y2/tl2vlwcd3x1bl4vhnjklflkc0000gn/T/ts-node-dev-hook-6885511287488932.js:71:20)
    at Object.nodeDevHook [as .ts] (/Users/fernandolba/development/my-commerce/back/node_modules/ts-node-dev/lib/hook.js:63:13)
    at Module.load (node:internal/modules/cjs/loader:1091:32)
    at Function.Module._load (node:internal/modules/cjs/loader:938:12)
2023-11-23 21:09:24 error: uncaughtException: ⨯ Unable to compile TypeScript:
src/migrations/1681853011577-initialMigration.ts(6,19): error TS6133: 'queryRunner' is declared but its value is never read.

Error: ⨯ Unable to compile TypeScript:
src/migrations/1681853011577-initialMigration.ts(6,19): error TS6133: 'queryRunner' is declared but its value is never read.

    at Object.<anonymous> (/Users/fernandolba/development/my-commerce/back/src/migrations/1681853011577-initialMigration.ts:1:7)
    at Module._compile (node:internal/modules/cjs/loader:1233:14)
    at Module._compile (/Users/fernandolba/development/my-commerce/back/node_modules/source-map-support/source-map-support.js:568:25)
    at Module.m._compile (/private/var/folders/y2/tl2vlwcd3x1bl4vhnjklflkc0000gn/T/ts-node-dev-hook-6885511287488932.js:69:33)
    at Module._extensions..js (node:internal/modules/cjs/loader:1287:10)
    at require.extensions..jsx.require.extensions..js (/private/var/folders/y2/tl2vlwcd3x1bl4vhnjklflkc0000gn/T/ts-node-dev-hook-6885511287488932.js:114:20)
    at require.extensions.<computed> (/private/var/folders/y2/tl2vlwcd3x1bl4vhnjklflkc0000gn/T/ts-node-dev-hook-6885511287488932.js:71:20)
    at Object.nodeDevHook [as .ts] (/Users/fernandolba/development/my-commerce/back/node_modules/ts-node-dev/lib/hook.js:63:13)
    at Module.load (node:internal/modules/cjs/loader:1091:32)
    at Function.Module._load (node:internal/modules/cjs/loader:938:12)
2023-11-23 21:09:24 error: uncaughtException: write EPIPE
Error: write EPIPE
    at process.target._send (node:internal/child_process:879:20)
    at process.target.send (node:internal/child_process:752:19)
    at Object.exports.send (/Users/fernandolba/development/my-commerce/back/node_modules/ts-node-dev/lib/ipc.js:17:14)
    at /Users/fernandolba/development/my-commerce/back/node_modules/ts-node-dev/lib/wrap.js:88:9
    at Object.nodeDevHook [as .ts] (/Users/fernandolba/development/my-commerce/back/node_modules/ts-node-dev/lib/hook.js:61:17)
    at Module.load (node:internal/modules/cjs/loader:1091:32)
    at Function.Module._load (node:internal/modules/cjs/loader:938:12)
    at Module.require (node:internal/modules/cjs/loader:1115:19)
    at require (node:internal/modules/helpers:130:18)
    at tryToRequire (/Users/fernandolba/development/my-commerce/back/src/util/ImportUtils.ts:21:17)
2023-11-23 21:09:24 error: uncaughtException: write EPIPE
Error: write EPIPE
    at process.target._send (node:internal/child_process:879:20)
    at process.target.send (node:internal/child_process:752:19)
    at compile (/private/var/folders/y2/tl2vlwcd3x1bl4vhnjklflkc0000gn/T/ts-node-dev-hook-6885511287488932.js:46:21)
    at Module.m._compile (/private/var/folders/y2/tl2vlwcd3x1bl4vhnjklflkc0000gn/T/ts-node-dev-hook-6885511287488932.js:69:44)
    at Module._extensions..js (node:internal/modules/cjs/loader:1287:10)
    at require.extensions..jsx.require.extensions..js (/private/var/folders/y2/tl2vlwcd3x1bl4vhnjklflkc0000gn/T/ts-node-dev-hook-6885511287488932.js:114:20)
    at require.extensions.<computed> (/private/var/folders/y2/tl2vlwcd3x1bl4vhnjklflkc0000gn/T/ts-node-dev-hook-6885511287488932.js:71:20)
    at Object.nodeDevHook [as .ts] (/Users/fernandolba/development/my-commerce/back/node_modules/ts-node-dev/lib/hook.js:63:13)
    at Module.load (node:internal/modules/cjs/loader:1091:32)
    at Function.Module._load (node:internal/modules/cjs/loader:938:12)
2023-11-23 21:09:24 error: uncaughtException: Cannot execute operation on "default" connection because connection is not yet established.
CannotExecuteNotConnectedError: Cannot execute operation on "default" connection because connection is not yet established.
    at DataSource.destroy (/Users/fernandolba/development/my-commerce/back/src/data-source/DataSource.ts:302:19)
    at DataSource.initialize (/Users/fernandolba/development/my-commerce/back/src/data-source/DataSource.ts:277:24)
    at CustomerService.initRepository (/Users/fernandolba/development/my-commerce/back/src/config/base.service.ts:27:24)
2023-11-23 21:09:27 error: uncaughtException: Cannot execute operation on "default" connection because connection is not yet established.
CannotExecuteNotConnectedError: Cannot execute operation on "default" connection because connection is not yet established.
    at DataSource.destroy (/Users/fernandolba/development/my-commerce/back/src/data-source/DataSource.ts:302:19)
    at DataSource.initialize (/Users/fernandolba/development/my-commerce/back/src/data-source/DataSource.ts:277:24)
    at CustomerService.initRepository (/Users/fernandolba/development/my-commerce/back/src/config/base.service.ts:27:24)
2023-11-23 21:09:27 error: uncaughtException: ⨯ Unable to compile TypeScript:
src/migrations/1681853011577-initialMigration.ts(6,19): error TS6133: 'queryRunner' is declared but its value is never read.

Error: ⨯ Unable to compile TypeScript:
src/migrations/1681853011577-initialMigration.ts(6,19): error TS6133: 'queryRunner' is declared but its value is never read.

    at Object.<anonymous> (/Users/fernandolba/development/my-commerce/back/src/migrations/1681853011577-initialMigration.ts:1:7)
    at Module._compile (node:internal/modules/cjs/loader:1233:14)
    at Module._compile (/Users/fernandolba/development/my-commerce/back/node_modules/source-map-support/source-map-support.js:568:25)
    at Module.m._compile (/private/var/folders/y2/tl2vlwcd3x1bl4vhnjklflkc0000gn/T/ts-node-dev-hook-6885511287488932.js:69:33)
    at Module._extensions..js (node:internal/modules/cjs/loader:1287:10)
    at require.extensions..jsx.require.extensions..js (/private/var/folders/y2/tl2vlwcd3x1bl4vhnjklflkc0000gn/T/ts-node-dev-hook-6885511287488932.js:114:20)
    at require.extensions.<computed> (/private/var/folders/y2/tl2vlwcd3x1bl4vhnjklflkc0000gn/T/ts-node-dev-hook-6885511287488932.js:71:20)
    at Object.nodeDevHook [as .ts] (/Users/fernandolba/development/my-commerce/back/node_modules/ts-node-dev/lib/hook.js:63:13)
    at Module.load (node:internal/modules/cjs/loader:1091:32)
    at Function.Module._load (node:internal/modules/cjs/loader:938:12)
2023-11-23 21:09:35 error: uncaughtException: ⨯ Unable to compile TypeScript:
src/migrations/1681853011577-initialMigration.ts(7,21): error TS2554: Expected 1-3 arguments, but got 0.

Error: ⨯ Unable to compile TypeScript:
src/migrations/1681853011577-initialMigration.ts(7,21): error TS2554: Expected 1-3 arguments, but got 0.

    at Object.<anonymous> (/Users/fernandolba/development/my-commerce/back/src/migrations/1681853011577-initialMigration.ts:1:7)
    at Module._compile (node:internal/modules/cjs/loader:1233:14)
    at Module._compile (/Users/fernandolba/development/my-commerce/back/node_modules/source-map-support/source-map-support.js:568:25)
    at Module.m._compile (/private/var/folders/y2/tl2vlwcd3x1bl4vhnjklflkc0000gn/T/ts-node-dev-hook-6885511287488932.js:69:33)
    at Module._extensions..js (node:internal/modules/cjs/loader:1287:10)
    at require.extensions..jsx.require.extensions..js (/private/var/folders/y2/tl2vlwcd3x1bl4vhnjklflkc0000gn/T/ts-node-dev-hook-6885511287488932.js:114:20)
    at require.extensions.<computed> (/private/var/folders/y2/tl2vlwcd3x1bl4vhnjklflkc0000gn/T/ts-node-dev-hook-6885511287488932.js:71:20)
    at Object.nodeDevHook [as .ts] (/Users/fernandolba/development/my-commerce/back/node_modules/ts-node-dev/lib/hook.js:63:13)
    at Module.load (node:internal/modules/cjs/loader:1091:32)
    at Function.Module._load (node:internal/modules/cjs/loader:938:12)
2023-11-23 21:09:35 error: uncaughtException: write EPIPE
Error: write EPIPE
    at process.target._send (node:internal/child_process:879:20)
    at process.target.send (node:internal/child_process:752:19)
    at Object.exports.send (/Users/fernandolba/development/my-commerce/back/node_modules/ts-node-dev/lib/ipc.js:17:14)
    at /Users/fernandolba/development/my-commerce/back/node_modules/ts-node-dev/lib/wrap.js:88:9
    at Object.nodeDevHook [as .ts] (/Users/fernandolba/development/my-commerce/back/node_modules/ts-node-dev/lib/hook.js:61:17)
    at Module.load (node:internal/modules/cjs/loader:1091:32)
    at Function.Module._load (node:internal/modules/cjs/loader:938:12)
    at Module.require (node:internal/modules/cjs/loader:1115:19)
    at require (node:internal/modules/helpers:130:18)
    at tryToRequire (/Users/fernandolba/development/my-commerce/back/src/util/ImportUtils.ts:21:17)
2023-11-23 21:09:35 error: uncaughtException: write EPIPE
Error: write EPIPE
    at process.target._send (node:internal/child_process:879:20)
    at process.target.send (node:internal/child_process:752:19)
    at compile (/private/var/folders/y2/tl2vlwcd3x1bl4vhnjklflkc0000gn/T/ts-node-dev-hook-6885511287488932.js:46:21)
    at Module.m._compile (/private/var/folders/y2/tl2vlwcd3x1bl4vhnjklflkc0000gn/T/ts-node-dev-hook-6885511287488932.js:69:44)
    at Module._extensions..js (node:internal/modules/cjs/loader:1287:10)
    at require.extensions..jsx.require.extensions..js (/private/var/folders/y2/tl2vlwcd3x1bl4vhnjklflkc0000gn/T/ts-node-dev-hook-6885511287488932.js:114:20)
    at require.extensions.<computed> (/private/var/folders/y2/tl2vlwcd3x1bl4vhnjklflkc0000gn/T/ts-node-dev-hook-6885511287488932.js:71:20)
    at Object.nodeDevHook [as .ts] (/Users/fernandolba/development/my-commerce/back/node_modules/ts-node-dev/lib/hook.js:63:13)
    at Module.load (node:internal/modules/cjs/loader:1091:32)
    at Function.Module._load (node:internal/modules/cjs/loader:938:12)
2023-11-23 21:09:35 error: uncaughtException: ⨯ Unable to compile TypeScript:
src/migrations/1681853011577-initialMigration.ts(7,21): error TS2554: Expected 1-3 arguments, but got 0.

Error: ⨯ Unable to compile TypeScript:
src/migrations/1681853011577-initialMigration.ts(7,21): error TS2554: Expected 1-3 arguments, but got 0.

    at Object.<anonymous> (/Users/fernandolba/development/my-commerce/back/src/migrations/1681853011577-initialMigration.ts:1:7)
    at Module._compile (node:internal/modules/cjs/loader:1233:14)
    at Module._compile (/Users/fernandolba/development/my-commerce/back/node_modules/source-map-support/source-map-support.js:568:25)
    at Module.m._compile (/private/var/folders/y2/tl2vlwcd3x1bl4vhnjklflkc0000gn/T/ts-node-dev-hook-6885511287488932.js:69:33)
    at Module._extensions..js (node:internal/modules/cjs/loader:1287:10)
    at require.extensions..jsx.require.extensions..js (/private/var/folders/y2/tl2vlwcd3x1bl4vhnjklflkc0000gn/T/ts-node-dev-hook-6885511287488932.js:114:20)
    at require.extensions.<computed> (/private/var/folders/y2/tl2vlwcd3x1bl4vhnjklflkc0000gn/T/ts-node-dev-hook-6885511287488932.js:71:20)
    at Object.nodeDevHook [as .ts] (/Users/fernandolba/development/my-commerce/back/node_modules/ts-node-dev/lib/hook.js:63:13)
    at Module.load (node:internal/modules/cjs/loader:1091:32)
    at Function.Module._load (node:internal/modules/cjs/loader:938:12)
2023-11-23 21:09:39 error: uncaughtException: ⨯ Unable to compile TypeScript:
src/migrations/1681853011577-initialMigration.ts(7,27): error TS2304: Cannot find name 'ÀLTER'.

Error: ⨯ Unable to compile TypeScript:
src/migrations/1681853011577-initialMigration.ts(7,27): error TS2304: Cannot find name 'ÀLTER'.

    at Object.<anonymous> (/Users/fernandolba/development/my-commerce/back/src/migrations/1681853011577-initialMigration.ts:1:7)
    at Module._compile (node:internal/modules/cjs/loader:1233:14)
    at Module._compile (/Users/fernandolba/development/my-commerce/back/node_modules/source-map-support/source-map-support.js:568:25)
    at Module.m._compile (/private/var/folders/y2/tl2vlwcd3x1bl4vhnjklflkc0000gn/T/ts-node-dev-hook-6885511287488932.js:69:33)
    at Module._extensions..js (node:internal/modules/cjs/loader:1287:10)
    at require.extensions..jsx.require.extensions..js (/private/var/folders/y2/tl2vlwcd3x1bl4vhnjklflkc0000gn/T/ts-node-dev-hook-6885511287488932.js:114:20)
    at require.extensions.<computed> (/private/var/folders/y2/tl2vlwcd3x1bl4vhnjklflkc0000gn/T/ts-node-dev-hook-6885511287488932.js:71:20)
    at Object.nodeDevHook [as .ts] (/Users/fernandolba/development/my-commerce/back/node_modules/ts-node-dev/lib/hook.js:63:13)
    at Module.load (node:internal/modules/cjs/loader:1091:32)
    at Function.Module._load (node:internal/modules/cjs/loader:938:12)
2023-11-23 21:09:39 error: uncaughtException: write EPIPE
Error: write EPIPE
    at process.target._send (node:internal/child_process:879:20)
    at process.target.send (node:internal/child_process:752:19)
    at Object.exports.send (/Users/fernandolba/development/my-commerce/back/node_modules/ts-node-dev/lib/ipc.js:17:14)
    at /Users/fernandolba/development/my-commerce/back/node_modules/ts-node-dev/lib/wrap.js:88:9
    at Object.nodeDevHook [as .ts] (/Users/fernandolba/development/my-commerce/back/node_modules/ts-node-dev/lib/hook.js:61:17)
    at Module.load (node:internal/modules/cjs/loader:1091:32)
    at Function.Module._load (node:internal/modules/cjs/loader:938:12)
    at Module.require (node:internal/modules/cjs/loader:1115:19)
    at require (node:internal/modules/helpers:130:18)
    at tryToRequire (/Users/fernandolba/development/my-commerce/back/src/util/ImportUtils.ts:21:17)
2023-11-23 21:09:39 error: uncaughtException: write EPIPE
Error: write EPIPE
    at process.target._send (node:internal/child_process:879:20)
    at process.target.send (node:internal/child_process:752:19)
    at compile (/private/var/folders/y2/tl2vlwcd3x1bl4vhnjklflkc0000gn/T/ts-node-dev-hook-6885511287488932.js:46:21)
    at Module.m._compile (/private/var/folders/y2/tl2vlwcd3x1bl4vhnjklflkc0000gn/T/ts-node-dev-hook-6885511287488932.js:69:44)
    at Module._extensions..js (node:internal/modules/cjs/loader:1287:10)
    at require.extensions..jsx.require.extensions..js (/private/var/folders/y2/tl2vlwcd3x1bl4vhnjklflkc0000gn/T/ts-node-dev-hook-6885511287488932.js:114:20)
    at require.extensions.<computed> (/private/var/folders/y2/tl2vlwcd3x1bl4vhnjklflkc0000gn/T/ts-node-dev-hook-6885511287488932.js:71:20)
    at Object.nodeDevHook [as .ts] (/Users/fernandolba/development/my-commerce/back/node_modules/ts-node-dev/lib/hook.js:63:13)
    at Module.load (node:internal/modules/cjs/loader:1091:32)
    at Function.Module._load (node:internal/modules/cjs/loader:938:12)
2023-11-23 21:09:39 error: uncaughtException: Cannot execute operation on "default" connection because connection is not yet established.
CannotExecuteNotConnectedError: Cannot execute operation on "default" connection because connection is not yet established.
    at DataSource.destroy (/Users/fernandolba/development/my-commerce/back/src/data-source/DataSource.ts:302:19)
    at DataSource.initialize (/Users/fernandolba/development/my-commerce/back/src/data-source/DataSource.ts:277:24)
    at UserService.initRepository (/Users/fernandolba/development/my-commerce/back/src/config/base.service.ts:27:24)
2023-11-23 21:09:42 error: uncaughtException: Cannot execute operation on "default" connection because connection is not yet established.
CannotExecuteNotConnectedError: Cannot execute operation on "default" connection because connection is not yet established.
    at DataSource.destroy (/Users/fernandolba/development/my-commerce/back/src/data-source/DataSource.ts:302:19)
    at DataSource.initialize (/Users/fernandolba/development/my-commerce/back/src/data-source/DataSource.ts:277:24)
    at CustomerService.initRepository (/Users/fernandolba/development/my-commerce/back/src/config/base.service.ts:27:24)
2023-11-23 21:09:42 error: uncaughtException: ⨯ Unable to compile TypeScript:
src/migrations/1681853011577-initialMigration.ts(10,8): error TS2304: Cannot find name 'CREATE'.
src/migrations/1681853011577-initialMigration.ts(10,15): error TS2304: Cannot find name 'TABLE'.
src/migrations/1681853011577-initialMigration.ts(10,22): error TS2554: Expected 1-3 arguments, but got 4.
src/migrations/1681853011577-initialMigration.ts(29,9): error TS2363: The right-hand side of an arithmetic operation must be of type 'any', 'number', 'bigint' or an enum type.
src/migrations/1681853011577-initialMigration.ts(10,8): error TS1005: ',' expected.
src/migrations/1681853011577-initialMigration.ts(10,15): error TS1005: ',' expected.
src/migrations/1681853011577-initialMigration.ts(10,21): error TS1127: Invalid character.
src/migrations/1681853011577-initialMigration.ts(29,8): error TS1109: Expression expected.
src/migrations/1681853011577-initialMigration.ts(29,10): error TS1161: Unterminated regular expression literal.

Error: ⨯ Unable to compile TypeScript:
src/migrations/1681853011577-initialMigration.ts(10,8): error TS2304: Cannot find name 'CREATE'.
src/migrations/1681853011577-initialMigration.ts(10,15): error TS2304: Cannot find name 'TABLE'.
src/migrations/1681853011577-initialMigration.ts(10,22): error TS2554: Expected 1-3 arguments, but got 4.
src/migrations/1681853011577-initialMigration.ts(29,9): error TS2363: The right-hand side of an arithmetic operation must be of type 'any', 'number', 'bigint' or an enum type.
src/migrations/1681853011577-initialMigration.ts(10,8): error TS1005: ',' expected.
src/migrations/1681853011577-initialMigration.ts(10,15): error TS1005: ',' expected.
src/migrations/1681853011577-initialMigration.ts(10,21): error TS1127: Invalid character.
src/migrations/1681853011577-initialMigration.ts(29,8): error TS1109: Expression expected.
src/migrations/1681853011577-initialMigration.ts(29,10): error TS1161: Unterminated regular expression literal.

    at Object.<anonymous> (/Users/fernandolba/development/my-commerce/back/src/migrations/1681853011577-initialMigration.ts:1:7)
    at Module._compile (node:internal/modules/cjs/loader:1233:14)
    at Module._compile (/Users/fernandolba/development/my-commerce/back/node_modules/source-map-support/source-map-support.js:568:25)
    at Module.m._compile (/private/var/folders/y2/tl2vlwcd3x1bl4vhnjklflkc0000gn/T/ts-node-dev-hook-6885511287488932.js:69:33)
    at Module._extensions..js (node:internal/modules/cjs/loader:1287:10)
    at require.extensions..jsx.require.extensions..js (/private/var/folders/y2/tl2vlwcd3x1bl4vhnjklflkc0000gn/T/ts-node-dev-hook-6885511287488932.js:114:20)
    at require.extensions.<computed> (/private/var/folders/y2/tl2vlwcd3x1bl4vhnjklflkc0000gn/T/ts-node-dev-hook-6885511287488932.js:71:20)
    at Object.nodeDevHook [as .ts] (/Users/fernandolba/development/my-commerce/back/node_modules/ts-node-dev/lib/hook.js:63:13)
    at Module.load (node:internal/modules/cjs/loader:1091:32)
    at Function.Module._load (node:internal/modules/cjs/loader:938:12)
2023-11-23 21:09:46 error: uncaughtException: Cannot execute operation on "default" connection because connection is not yet established.
CannotExecuteNotConnectedError: Cannot execute operation on "default" connection because connection is not yet established.
    at DataSource.destroy (/Users/fernandolba/development/my-commerce/back/src/data-source/DataSource.ts:302:19)
    at DataSource.initialize (/Users/fernandolba/development/my-commerce/back/src/data-source/DataSource.ts:277:24)
    at CustomerService.initRepository (/Users/fernandolba/development/my-commerce/back/src/config/base.service.ts:27:24)
2023-11-23 21:09:46 error: uncaughtException: ⨯ Unable to compile TypeScript:
src/migrations/1681853011577-initialMigration.ts(10,8): error TS2304: Cannot find name 'CREATE'.
src/migrations/1681853011577-initialMigration.ts(10,15): error TS2304: Cannot find name 'TABLE'.
src/migrations/1681853011577-initialMigration.ts(10,22): error TS2554: Expected 1-3 arguments, but got 4.
src/migrations/1681853011577-initialMigration.ts(29,9): error TS2363: The right-hand side of an arithmetic operation must be of type 'any', 'number', 'bigint' or an enum type.
src/migrations/1681853011577-initialMigration.ts(10,8): error TS1005: ',' expected.
src/migrations/1681853011577-initialMigration.ts(10,15): error TS1005: ',' expected.
src/migrations/1681853011577-initialMigration.ts(10,21): error TS1127: Invalid character.
src/migrations/1681853011577-initialMigration.ts(29,8): error TS1109: Expression expected.
src/migrations/1681853011577-initialMigration.ts(29,10): error TS1161: Unterminated regular expression literal.

Error: ⨯ Unable to compile TypeScript:
src/migrations/1681853011577-initialMigration.ts(10,8): error TS2304: Cannot find name 'CREATE'.
src/migrations/1681853011577-initialMigration.ts(10,15): error TS2304: Cannot find name 'TABLE'.
src/migrations/1681853011577-initialMigration.ts(10,22): error TS2554: Expected 1-3 arguments, but got 4.
src/migrations/1681853011577-initialMigration.ts(29,9): error TS2363: The right-hand side of an arithmetic operation must be of type 'any', 'number', 'bigint' or an enum type.
src/migrations/1681853011577-initialMigration.ts(10,8): error TS1005: ',' expected.
src/migrations/1681853011577-initialMigration.ts(10,15): error TS1005: ',' expected.
src/migrations/1681853011577-initialMigration.ts(10,21): error TS1127: Invalid character.
src/migrations/1681853011577-initialMigration.ts(29,8): error TS1109: Expression expected.
src/migrations/1681853011577-initialMigration.ts(29,10): error TS1161: Unterminated regular expression literal.

    at Object.<anonymous> (/Users/fernandolba/development/my-commerce/back/src/migrations/1681853011577-initialMigration.ts:1:7)
    at Module._compile (node:internal/modules/cjs/loader:1233:14)
    at Module._compile (/Users/fernandolba/development/my-commerce/back/node_modules/source-map-support/source-map-support.js:568:25)
    at Module.m._compile (/private/var/folders/y2/tl2vlwcd3x1bl4vhnjklflkc0000gn/T/ts-node-dev-hook-6885511287488932.js:69:33)
    at Module._extensions..js (node:internal/modules/cjs/loader:1287:10)
    at require.extensions..jsx.require.extensions..js (/private/var/folders/y2/tl2vlwcd3x1bl4vhnjklflkc0000gn/T/ts-node-dev-hook-6885511287488932.js:114:20)
    at require.extensions.<computed> (/private/var/folders/y2/tl2vlwcd3x1bl4vhnjklflkc0000gn/T/ts-node-dev-hook-6885511287488932.js:71:20)
    at Object.nodeDevHook [as .ts] (/Users/fernandolba/development/my-commerce/back/node_modules/ts-node-dev/lib/hook.js:63:13)
    at Module.load (node:internal/modules/cjs/loader:1091:32)
    at Function.Module._load (node:internal/modules/cjs/loader:938:12)
2023-11-23 21:09:56 error: uncaughtException: ⨯ Unable to compile TypeScript:
src/migrations/1681853011577-initialMigration.ts(10,8): error TS2304: Cannot find name 'CREATE'.
src/migrations/1681853011577-initialMigration.ts(10,15): error TS2304: Cannot find name 'TABLE'.
src/migrations/1681853011577-initialMigration.ts(10,22): error TS2554: Expected 1-3 arguments, but got 4.
src/migrations/1681853011577-initialMigration.ts(29,9): error TS2363: The right-hand side of an arithmetic operation must be of type 'any', 'number', 'bigint' or an enum type.
src/migrations/1681853011577-initialMigration.ts(10,8): error TS1005: ',' expected.
src/migrations/1681853011577-initialMigration.ts(10,15): error TS1005: ',' expected.
src/migrations/1681853011577-initialMigration.ts(10,21): error TS1127: Invalid character.
src/migrations/1681853011577-initialMigration.ts(29,8): error TS1109: Expression expected.
src/migrations/1681853011577-initialMigration.ts(29,10): error TS1161: Unterminated regular expression literal.

Error: ⨯ Unable to compile TypeScript:
src/migrations/1681853011577-initialMigration.ts(10,8): error TS2304: Cannot find name 'CREATE'.
src/migrations/1681853011577-initialMigration.ts(10,15): error TS2304: Cannot find name 'TABLE'.
src/migrations/1681853011577-initialMigration.ts(10,22): error TS2554: Expected 1-3 arguments, but got 4.
src/migrations/1681853011577-initialMigration.ts(29,9): error TS2363: The right-hand side of an arithmetic operation must be of type 'any', 'number', 'bigint' or an enum type.
src/migrations/1681853011577-initialMigration.ts(10,8): error TS1005: ',' expected.
src/migrations/1681853011577-initialMigration.ts(10,15): error TS1005: ',' expected.
src/migrations/1681853011577-initialMigration.ts(10,21): error TS1127: Invalid character.
src/migrations/1681853011577-initialMigration.ts(29,8): error TS1109: Expression expected.
src/migrations/1681853011577-initialMigration.ts(29,10): error TS1161: Unterminated regular expression literal.

    at Object.<anonymous> (/Users/fernandolba/development/my-commerce/back/src/migrations/1681853011577-initialMigration.ts:1:7)
    at Module._compile (node:internal/modules/cjs/loader:1233:14)
    at Module._compile (/Users/fernandolba/development/my-commerce/back/node_modules/source-map-support/source-map-support.js:568:25)
    at Module.m._compile (/private/var/folders/y2/tl2vlwcd3x1bl4vhnjklflkc0000gn/T/ts-node-dev-hook-6885511287488932.js:69:33)
    at Module._extensions..js (node:internal/modules/cjs/loader:1287:10)
    at require.extensions..jsx.require.extensions..js (/private/var/folders/y2/tl2vlwcd3x1bl4vhnjklflkc0000gn/T/ts-node-dev-hook-6885511287488932.js:114:20)
    at require.extensions.<computed> (/private/var/folders/y2/tl2vlwcd3x1bl4vhnjklflkc0000gn/T/ts-node-dev-hook-6885511287488932.js:71:20)
    at Object.nodeDevHook [as .ts] (/Users/fernandolba/development/my-commerce/back/node_modules/ts-node-dev/lib/hook.js:63:13)
    at Module.load (node:internal/modules/cjs/loader:1091:32)
    at Function.Module._load (node:internal/modules/cjs/loader:938:12)
2023-11-23 21:09:56 error: uncaughtException: write EPIPE
Error: write EPIPE
    at process.target._send (node:internal/child_process:879:20)
    at process.target.send (node:internal/child_process:752:19)
    at Object.exports.send (/Users/fernandolba/development/my-commerce/back/node_modules/ts-node-dev/lib/ipc.js:17:14)
    at /Users/fernandolba/development/my-commerce/back/node_modules/ts-node-dev/lib/wrap.js:88:9
    at Object.nodeDevHook [as .ts] (/Users/fernandolba/development/my-commerce/back/node_modules/ts-node-dev/lib/hook.js:61:17)
    at Module.load (node:internal/modules/cjs/loader:1091:32)
    at Function.Module._load (node:internal/modules/cjs/loader:938:12)
    at Module.require (node:internal/modules/cjs/loader:1115:19)
    at require (node:internal/modules/helpers:130:18)
    at tryToRequire (/Users/fernandolba/development/my-commerce/back/src/util/ImportUtils.ts:21:17)
2023-11-23 21:09:56 error: uncaughtException: write EPIPE
Error: write EPIPE
    at process.target._send (node:internal/child_process:879:20)
    at process.target.send (node:internal/child_process:752:19)
    at compile (/private/var/folders/y2/tl2vlwcd3x1bl4vhnjklflkc0000gn/T/ts-node-dev-hook-6885511287488932.js:46:21)
    at Module.m._compile (/private/var/folders/y2/tl2vlwcd3x1bl4vhnjklflkc0000gn/T/ts-node-dev-hook-6885511287488932.js:69:44)
    at Module._extensions..js (node:internal/modules/cjs/loader:1287:10)
    at require.extensions..jsx.require.extensions..js (/private/var/folders/y2/tl2vlwcd3x1bl4vhnjklflkc0000gn/T/ts-node-dev-hook-6885511287488932.js:114:20)
    at require.extensions.<computed> (/private/var/folders/y2/tl2vlwcd3x1bl4vhnjklflkc0000gn/T/ts-node-dev-hook-6885511287488932.js:71:20)
    at Object.nodeDevHook [as .ts] (/Users/fernandolba/development/my-commerce/back/node_modules/ts-node-dev/lib/hook.js:63:13)
    at Module.load (node:internal/modules/cjs/loader:1091:32)
    at Function.Module._load (node:internal/modules/cjs/loader:938:12)
2023-11-23 21:09:56 error: uncaughtException: Cannot execute operation on "default" connection because connection is not yet established.
CannotExecuteNotConnectedError: Cannot execute operation on "default" connection because connection is not yet established.
    at DataSource.destroy (/Users/fernandolba/development/my-commerce/back/src/data-source/DataSource.ts:302:19)
    at DataSource.initialize (/Users/fernandolba/development/my-commerce/back/src/data-source/DataSource.ts:277:24)
    at CustomerService.initRepository (/Users/fernandolba/development/my-commerce/back/src/config/base.service.ts:27:24)
2023-11-23 21:10:03 error: uncaughtException: Cannot execute operation on "default" connection because connection is not yet established.
CannotExecuteNotConnectedError: Cannot execute operation on "default" connection because connection is not yet established.
    at DataSource.destroy (/Users/fernandolba/development/my-commerce/back/src/data-source/DataSource.ts:302:19)
    at DataSource.initialize (/Users/fernandolba/development/my-commerce/back/src/data-source/DataSource.ts:277:24)
    at UserService.initRepository (/Users/fernandolba/development/my-commerce/back/src/config/base.service.ts:27:24)
2023-11-23 21:10:03 error: uncaughtException: ⨯ Unable to compile TypeScript:
src/migrations/1681853011577-initialMigration.ts(7,27): error TS2349: This expression is not callable.
  Type 'String' has no call signatures.
src/migrations/1681853011577-initialMigration.ts(10,8): error TS2304: Cannot find name 'CREATE'.
src/migrations/1681853011577-initialMigration.ts(10,15): error TS2304: Cannot find name 'TABLE'.
src/migrations/1681853011577-initialMigration.ts(10,22): error TS2554: Expected 1-3 arguments, but got 4.
src/migrations/1681853011577-initialMigration.ts(29,9): error TS2363: The right-hand side of an arithmetic operation must be of type 'any', 'number', 'bigint' or an enum type.
src/migrations/1681853011577-initialMigration.ts(10,8): error TS1005: ',' expected.
src/migrations/1681853011577-initialMigration.ts(10,15): error TS1005: ',' expected.
src/migrations/1681853011577-initialMigration.ts(10,21): error TS1127: Invalid character.
src/migrations/1681853011577-initialMigration.ts(29,8): error TS1109: Expression expected.
src/migrations/1681853011577-initialMigration.ts(29,10): error TS1161: Unterminated regular expression literal.

Error: ⨯ Unable to compile TypeScript:
src/migrations/1681853011577-initialMigration.ts(7,27): error TS2349: This expression is not callable.
  Type 'String' has no call signatures.
src/migrations/1681853011577-initialMigration.ts(10,8): error TS2304: Cannot find name 'CREATE'.
src/migrations/1681853011577-initialMigration.ts(10,15): error TS2304: Cannot find name 'TABLE'.
src/migrations/1681853011577-initialMigration.ts(10,22): error TS2554: Expected 1-3 arguments, but got 4.
src/migrations/1681853011577-initialMigration.ts(29,9): error TS2363: The right-hand side of an arithmetic operation must be of type 'any', 'number', 'bigint' or an enum type.
src/migrations/1681853011577-initialMigration.ts(10,8): error TS1005: ',' expected.
src/migrations/1681853011577-initialMigration.ts(10,15): error TS1005: ',' expected.
src/migrations/1681853011577-initialMigration.ts(10,21): error TS1127: Invalid character.
src/migrations/1681853011577-initialMigration.ts(29,8): error TS1109: Expression expected.
src/migrations/1681853011577-initialMigration.ts(29,10): error TS1161: Unterminated regular expression literal.

    at Object.<anonymous> (/Users/fernandolba/development/my-commerce/back/src/migrations/1681853011577-initialMigration.ts:1:7)
    at Module._compile (node:internal/modules/cjs/loader:1233:14)
    at Module._compile (/Users/fernandolba/development/my-commerce/back/node_modules/source-map-support/source-map-support.js:568:25)
    at Module.m._compile (/private/var/folders/y2/tl2vlwcd3x1bl4vhnjklflkc0000gn/T/ts-node-dev-hook-6885511287488932.js:69:33)
    at Module._extensions..js (node:internal/modules/cjs/loader:1287:10)
    at require.extensions..jsx.require.extensions..js (/private/var/folders/y2/tl2vlwcd3x1bl4vhnjklflkc0000gn/T/ts-node-dev-hook-6885511287488932.js:114:20)
    at require.extensions.<computed> (/private/var/folders/y2/tl2vlwcd3x1bl4vhnjklflkc0000gn/T/ts-node-dev-hook-6885511287488932.js:71:20)
    at Object.nodeDevHook [as .ts] (/Users/fernandolba/development/my-commerce/back/node_modules/ts-node-dev/lib/hook.js:63:13)
    at Module.load (node:internal/modules/cjs/loader:1091:32)
    at Function.Module._load (node:internal/modules/cjs/loader:938:12)
2023-11-23 21:10:07 error: uncaughtException: Cannot execute operation on "default" connection because connection is not yet established.
CannotExecuteNotConnectedError: Cannot execute operation on "default" connection because connection is not yet established.
    at DataSource.destroy (/Users/fernandolba/development/my-commerce/back/src/data-source/DataSource.ts:302:19)
    at DataSource.initialize (/Users/fernandolba/development/my-commerce/back/src/data-source/DataSource.ts:277:24)
    at CustomerService.initRepository (/Users/fernandolba/development/my-commerce/back/src/config/base.service.ts:27:24)
2023-11-23 21:10:07 error: uncaughtException: ⨯ Unable to compile TypeScript:
src/migrations/1681853011577-initialMigration.ts(7,27): error TS2349: This expression is not callable.
  Type 'String' has no call signatures.
src/migrations/1681853011577-initialMigration.ts(10,8): error TS2304: Cannot find name 'CREATE'.
src/migrations/1681853011577-initialMigration.ts(10,15): error TS2304: Cannot find name 'TABLE'.
src/migrations/1681853011577-initialMigration.ts(10,22): error TS2554: Expected 1-3 arguments, but got 4.
src/migrations/1681853011577-initialMigration.ts(29,9): error TS2363: The right-hand side of an arithmetic operation must be of type 'any', 'number', 'bigint' or an enum type.
src/migrations/1681853011577-initialMigration.ts(10,8): error TS1005: ',' expected.
src/migrations/1681853011577-initialMigration.ts(10,15): error TS1005: ',' expected.
src/migrations/1681853011577-initialMigration.ts(10,21): error TS1127: Invalid character.
src/migrations/1681853011577-initialMigration.ts(29,8): error TS1109: Expression expected.
src/migrations/1681853011577-initialMigration.ts(29,10): error TS1161: Unterminated regular expression literal.

Error: ⨯ Unable to compile TypeScript:
src/migrations/1681853011577-initialMigration.ts(7,27): error TS2349: This expression is not callable.
  Type 'String' has no call signatures.
src/migrations/1681853011577-initialMigration.ts(10,8): error TS2304: Cannot find name 'CREATE'.
src/migrations/1681853011577-initialMigration.ts(10,15): error TS2304: Cannot find name 'TABLE'.
src/migrations/1681853011577-initialMigration.ts(10,22): error TS2554: Expected 1-3 arguments, but got 4.
src/migrations/1681853011577-initialMigration.ts(29,9): error TS2363: The right-hand side of an arithmetic operation must be of type 'any', 'number', 'bigint' or an enum type.
src/migrations/1681853011577-initialMigration.ts(10,8): error TS1005: ',' expected.
src/migrations/1681853011577-initialMigration.ts(10,15): error TS1005: ',' expected.
src/migrations/1681853011577-initialMigration.ts(10,21): error TS1127: Invalid character.
src/migrations/1681853011577-initialMigration.ts(29,8): error TS1109: Expression expected.
src/migrations/1681853011577-initialMigration.ts(29,10): error TS1161: Unterminated regular expression literal.

    at Object.<anonymous> (/Users/fernandolba/development/my-commerce/back/src/migrations/1681853011577-initialMigration.ts:1:7)
    at Module._compile (node:internal/modules/cjs/loader:1233:14)
    at Module._compile (/Users/fernandolba/development/my-commerce/back/node_modules/source-map-support/source-map-support.js:568:25)
    at Module.m._compile (/private/var/folders/y2/tl2vlwcd3x1bl4vhnjklflkc0000gn/T/ts-node-dev-hook-6885511287488932.js:69:33)
    at Module._extensions..js (node:internal/modules/cjs/loader:1287:10)
    at require.extensions..jsx.require.extensions..js (/private/var/folders/y2/tl2vlwcd3x1bl4vhnjklflkc0000gn/T/ts-node-dev-hook-6885511287488932.js:114:20)
    at require.extensions.<computed> (/private/var/folders/y2/tl2vlwcd3x1bl4vhnjklflkc0000gn/T/ts-node-dev-hook-6885511287488932.js:71:20)
    at Object.nodeDevHook [as .ts] (/Users/fernandolba/development/my-commerce/back/node_modules/ts-node-dev/lib/hook.js:63:13)
    at Module.load (node:internal/modules/cjs/loader:1091:32)
    at Function.Module._load (node:internal/modules/cjs/loader:938:12)
2023-11-23 21:10:10 error: uncaughtException: Cannot execute operation on "default" connection because connection is not yet established.
CannotExecuteNotConnectedError: Cannot execute operation on "default" connection because connection is not yet established.
    at DataSource.destroy (/Users/fernandolba/development/my-commerce/back/src/data-source/DataSource.ts:302:19)
    at DataSource.initialize (/Users/fernandolba/development/my-commerce/back/src/data-source/DataSource.ts:277:24)
    at UserService.initRepository (/Users/fernandolba/development/my-commerce/back/src/config/base.service.ts:27:24)
2023-11-23 21:10:10 error: uncaughtException: ⨯ Unable to compile TypeScript:
src/migrations/1681853011577-initialMigration.ts(7,27): error TS2349: This expression is not callable.
  Type 'String' has no call signatures.
src/migrations/1681853011577-initialMigration.ts(10,8): error TS2304: Cannot find name 'CREATE'.
src/migrations/1681853011577-initialMigration.ts(10,15): error TS2304: Cannot find name 'TABLE'.
src/migrations/1681853011577-initialMigration.ts(10,22): error TS2554: Expected 1-3 arguments, but got 4.
src/migrations/1681853011577-initialMigration.ts(29,9): error TS2363: The right-hand side of an arithmetic operation must be of type 'any', 'number', 'bigint' or an enum type.
src/migrations/1681853011577-initialMigration.ts(10,8): error TS1005: ',' expected.
src/migrations/1681853011577-initialMigration.ts(10,15): error TS1005: ',' expected.
src/migrations/1681853011577-initialMigration.ts(10,21): error TS1127: Invalid character.
src/migrations/1681853011577-initialMigration.ts(29,8): error TS1109: Expression expected.
src/migrations/1681853011577-initialMigration.ts(29,10): error TS1161: Unterminated regular expression literal.

Error: ⨯ Unable to compile TypeScript:
src/migrations/1681853011577-initialMigration.ts(7,27): error TS2349: This expression is not callable.
  Type 'String' has no call signatures.
src/migrations/1681853011577-initialMigration.ts(10,8): error TS2304: Cannot find name 'CREATE'.
src/migrations/1681853011577-initialMigration.ts(10,15): error TS2304: Cannot find name 'TABLE'.
src/migrations/1681853011577-initialMigration.ts(10,22): error TS2554: Expected 1-3 arguments, but got 4.
src/migrations/1681853011577-initialMigration.ts(29,9): error TS2363: The right-hand side of an arithmetic operation must be of type 'any', 'number', 'bigint' or an enum type.
src/migrations/1681853011577-initialMigration.ts(10,8): error TS1005: ',' expected.
src/migrations/1681853011577-initialMigration.ts(10,15): error TS1005: ',' expected.
src/migrations/1681853011577-initialMigration.ts(10,21): error TS1127: Invalid character.
src/migrations/1681853011577-initialMigration.ts(29,8): error TS1109: Expression expected.
src/migrations/1681853011577-initialMigration.ts(29,10): error TS1161: Unterminated regular expression literal.

    at Object.<anonymous> (/Users/fernandolba/development/my-commerce/back/src/migrations/1681853011577-initialMigration.ts:1:7)
    at Module._compile (node:internal/modules/cjs/loader:1233:14)
    at Module._compile (/Users/fernandolba/development/my-commerce/back/node_modules/source-map-support/source-map-support.js:568:25)
    at Module.m._compile (/private/var/folders/y2/tl2vlwcd3x1bl4vhnjklflkc0000gn/T/ts-node-dev-hook-6885511287488932.js:69:33)
    at Module._extensions..js (node:internal/modules/cjs/loader:1287:10)
    at require.extensions..jsx.require.extensions..js (/private/var/folders/y2/tl2vlwcd3x1bl4vhnjklflkc0000gn/T/ts-node-dev-hook-6885511287488932.js:114:20)
    at require.extensions.<computed> (/private/var/folders/y2/tl2vlwcd3x1bl4vhnjklflkc0000gn/T/ts-node-dev-hook-6885511287488932.js:71:20)
    at Object.nodeDevHook [as .ts] (/Users/fernandolba/development/my-commerce/back/node_modules/ts-node-dev/lib/hook.js:63:13)
    at Module.load (node:internal/modules/cjs/loader:1091:32)
    at Function.Module._load (node:internal/modules/cjs/loader:938:12)
2023-11-23 21:16:11 error: ER_BAD_FIELD_ERROR: Unknown column 'UserEntity.role' in 'field list'
2023-11-23 21:17:10 error: uncaughtException: ER_DUP_FIELDNAME: Duplicate column name 'role'
QueryFailedError: ER_DUP_FIELDNAME: Duplicate column name 'role'
    at Query.<anonymous> (/Users/fernandolba/development/my-commerce/back/src/driver/mysql/MysqlQueryRunner.ts:222:33)
    at Query.<anonymous> (/Users/fernandolba/development/my-commerce/back/node_modules/mysql/lib/Connection.js:526:10)
    at Query._callback (/Users/fernandolba/development/my-commerce/back/node_modules/mysql/lib/Connection.js:488:16)
    at Query.Sequence.end (/Users/fernandolba/development/my-commerce/back/node_modules/mysql/lib/protocol/sequences/Sequence.js:83:24)
    at Query.ErrorPacket (/Users/fernandolba/development/my-commerce/back/node_modules/mysql/lib/protocol/sequences/Query.js:92:8)
    at Protocol._parsePacket (/Users/fernandolba/development/my-commerce/back/node_modules/mysql/lib/protocol/Protocol.js:291:23)
    at Parser._parsePacket (/Users/fernandolba/development/my-commerce/back/node_modules/mysql/lib/protocol/Parser.js:433:10)
    at Parser.write (/Users/fernandolba/development/my-commerce/back/node_modules/mysql/lib/protocol/Parser.js:43:10)
    at Protocol.write (/Users/fernandolba/development/my-commerce/back/node_modules/mysql/lib/protocol/Protocol.js:38:16)
    at Socket.<anonymous> (/Users/fernandolba/development/my-commerce/back/node_modules/mysql/lib/Connection.js:88:28)
2023-11-23 21:17:10 error: uncaughtException: ER_DUP_FIELDNAME: Duplicate column name 'role'
QueryFailedError: ER_DUP_FIELDNAME: Duplicate column name 'role'
    at Query.<anonymous> (/Users/fernandolba/development/my-commerce/back/src/driver/mysql/MysqlQueryRunner.ts:222:33)
    at Query.<anonymous> (/Users/fernandolba/development/my-commerce/back/node_modules/mysql/lib/Connection.js:526:10)
    at Query._callback (/Users/fernandolba/development/my-commerce/back/node_modules/mysql/lib/Connection.js:488:16)
    at Query.Sequence.end (/Users/fernandolba/development/my-commerce/back/node_modules/mysql/lib/protocol/sequences/Sequence.js:83:24)
    at Query.ErrorPacket (/Users/fernandolba/development/my-commerce/back/node_modules/mysql/lib/protocol/sequences/Query.js:92:8)
    at Protocol._parsePacket (/Users/fernandolba/development/my-commerce/back/node_modules/mysql/lib/protocol/Protocol.js:291:23)
    at Parser._parsePacket (/Users/fernandolba/development/my-commerce/back/node_modules/mysql/lib/protocol/Parser.js:433:10)
    at Parser.write (/Users/fernandolba/development/my-commerce/back/node_modules/mysql/lib/protocol/Parser.js:43:10)
    at Protocol.write (/Users/fernandolba/development/my-commerce/back/node_modules/mysql/lib/protocol/Protocol.js:38:16)
    at Socket.<anonymous> (/Users/fernandolba/development/my-commerce/back/node_modules/mysql/lib/Connection.js:88:28)
