2023-11-06 00:01:32 info: ==================================
2023-11-06 00:01:32 info: ======= ENV: "development" =======
2023-11-06 00:01:32 info: 🚀 App listening on port - 3001 🚀
2023-11-06 00:01:32 info: 🔗 http://localhost:3001/api/v1 🔗
2023-11-06 00:01:32 info: ==================================
2023-11-06 00:01:33 info: ==================================
2023-11-06 00:01:33 info: ======= ENV: "development" =======
2023-11-06 00:01:33 info: 🚀 App listening on port - 3001 🚀
2023-11-06 00:01:33 info: 🔗 http://localhost:3001/api/v1 🔗
2023-11-06 00:01:33 info: ==================================
2023-11-06 00:02:04 info: ==================================
2023-11-06 00:02:04 info: ======= ENV: "development" =======
2023-11-06 00:02:04 info: 🚀 App listening on port - 3001 🚀
2023-11-06 00:02:04 info: 🔗 http://localhost:3001/api/v1 🔗
2023-11-06 00:02:04 info: ==================================
2023-11-06 00:02:11 info: ==================================
2023-11-06 00:02:11 info: ======= ENV: "development" =======
2023-11-06 00:02:11 info: 🚀 App listening on port - 3001 🚀
2023-11-06 00:02:11 info: 🔗 http://localhost:3001/api/v1 🔗
2023-11-06 00:02:11 info: ==================================
2023-11-06 00:03:55 info: ==================================
2023-11-06 00:03:55 info: ======= ENV: "development" =======
2023-11-06 00:03:55 info: 🚀 App listening on port - 3001 🚀
2023-11-06 00:03:55 info: 🔗 http://localhost:3001/api/v1 🔗
2023-11-06 00:03:55 info: ==================================
2023-11-06 00:03:56 info: ==================================
2023-11-06 00:03:56 info: ======= ENV: "development" =======
2023-11-06 00:03:56 info: 🚀 App listening on port - 3001 🚀
2023-11-06 00:03:56 info: 🔗 http://localhost:3001/api/v1 🔗
2023-11-06 00:03:56 info: ==================================
2023-11-06 00:04:23 info: ==================================
2023-11-06 00:04:23 info: ======= ENV: "development" =======
2023-11-06 00:04:23 info: 🚀 App listening on port - 3001 🚀
2023-11-06 00:04:23 info: 🔗 http://localhost:3001/api/v1 🔗
2023-11-06 00:04:23 info: ==================================
2023-11-06 00:04:36 info: ==================================
2023-11-06 00:04:36 info: ======= ENV: "development" =======
2023-11-06 00:04:36 info: 🚀 App listening on port - 3001 🚀
2023-11-06 00:04:36 info: 🔗 http://localhost:3001/api/v1 🔗
2023-11-06 00:04:36 info: ==================================
2023-11-06 00:04:39 info: ==================================
2023-11-06 00:04:39 info: ======= ENV: "development" =======
2023-11-06 00:04:39 info: 🚀 App listening on port - 3001 🚀
2023-11-06 00:04:39 info: 🔗 http://localhost:3001/api/v1 🔗
2023-11-06 00:04:39 info: ==================================
2023-11-06 00:04:43 info: ==================================
2023-11-06 00:04:43 info: ======= ENV: "development" =======
2023-11-06 00:04:43 info: 🚀 App listening on port - 3001 🚀
2023-11-06 00:04:43 info: 🔗 http://localhost:3001/api/v1 🔗
2023-11-06 00:04:43 info: ==================================
2023-11-06 00:04:46 info: ==================================
2023-11-06 00:04:46 info: ======= ENV: "development" =======
2023-11-06 00:04:46 info: 🚀 App listening on port - 3001 🚀
2023-11-06 00:04:46 info: 🔗 http://localhost:3001/api/v1 🔗
2023-11-06 00:04:46 info: ==================================
2023-11-06 00:05:03 info: ==================================
2023-11-06 00:05:03 info: ======= ENV: "development" =======
2023-11-06 00:05:03 info: 🚀 App listening on port - 3001 🚀
2023-11-06 00:05:03 info: 🔗 http://localhost:3001/api/v1 🔗
2023-11-06 00:05:03 info: ==================================
2023-11-06 00:05:07 info: ==================================
2023-11-06 00:05:07 info: ======= ENV: "development" =======
2023-11-06 00:05:07 info: 🚀 App listening on port - 3001 🚀
2023-11-06 00:05:07 info: 🔗 http://localhost:3001/api/v1 🔗
2023-11-06 00:05:07 info: ==================================
2023-11-06 00:05:10 info: ==================================
2023-11-06 00:05:10 info: ======= ENV: "development" =======
2023-11-06 00:05:10 info: 🚀 App listening on port - 3001 🚀
2023-11-06 00:05:10 info: 🔗 http://localhost:3001/api/v1 🔗
2023-11-06 00:05:10 info: ==================================
2023-11-06 00:05:59 info: ==================================
2023-11-06 00:05:59 info: ======= ENV: "development" =======
2023-11-06 00:05:59 info: 🚀 App listening on port - 3001 🚀
2023-11-06 00:05:59 info: 🔗 http://localhost:3001/api/v1 🔗
2023-11-06 00:05:59 info: ==================================
2023-11-06 00:06:38 info: [0mGET /api/v1/user/12 [32m200[0m 6.938 ms - 37[0m
2023-11-06 00:06:50 info: [0mGET /api/v1/user [32m200[0m 1.086 ms - 37[0m
2023-11-06 00:07:06 info: [0mGET /api/v1/alive [32m200[0m 1.527 ms - 50[0m
2023-11-06 00:08:36 info: ==================================
2023-11-06 00:08:36 info: ======= ENV: "development" =======
2023-11-06 00:08:36 info: 🚀 App listening on port - 3001 🚀
2023-11-06 00:08:36 info: 🔗 http://localhost:3001/api/v1 🔗
2023-11-06 00:08:36 info: ==================================
2023-11-06 00:11:12 info: ==================================
2023-11-06 00:11:12 info: ======= ENV: "development" =======
2023-11-06 00:11:12 info: 🚀 App listening on port - 3001 🚀
2023-11-06 00:11:12 info: 🔗 http://localhost:3001/api/v1 🔗
2023-11-06 00:11:12 info: ==================================
2023-11-06 00:11:15 info: [0mGET /api/v1/user/12 [32m200[0m 4.277 ms - 40[0m
2023-11-06 00:11:24 info: ==================================
2023-11-06 00:11:24 info: ======= ENV: "development" =======
2023-11-06 00:11:24 info: 🚀 App listening on port - 3001 🚀
2023-11-06 00:11:24 info: 🔗 http://localhost:3001/api/v1 🔗
2023-11-06 00:11:24 info: ==================================
2023-11-06 00:11:39 info: ==================================
2023-11-06 00:11:39 info: ======= ENV: "development" =======
2023-11-06 00:11:39 info: 🚀 App listening on port - 3001 🚀
2023-11-06 00:11:39 info: 🔗 http://localhost:3001/api/v1 🔗
2023-11-06 00:11:39 info: ==================================
2023-11-06 00:11:44 info: ==================================
2023-11-06 00:11:44 info: ======= ENV: "development" =======
2023-11-06 00:11:44 info: 🚀 App listening on port - 3001 🚀
2023-11-06 00:11:44 info: 🔗 http://localhost:3001/api/v1 🔗
2023-11-06 00:11:44 info: ==================================
2023-11-06 00:11:51 info: ==================================
2023-11-06 00:11:51 info: ======= ENV: "development" =======
2023-11-06 00:11:51 info: 🚀 App listening on port - 3001 🚀
2023-11-06 00:11:51 info: 🔗 http://localhost:3001/api/v1 🔗
2023-11-06 00:11:51 info: ==================================
2023-11-06 00:11:59 info: ==================================
2023-11-06 00:11:59 info: ======= ENV: "development" =======
2023-11-06 00:11:59 info: 🚀 App listening on port - 3001 🚀
2023-11-06 00:11:59 info: 🔗 http://localhost:3001/api/v1 🔗
2023-11-06 00:11:59 info: ==================================
2023-11-06 00:12:02 info: ==================================
2023-11-06 00:12:02 info: ======= ENV: "development" =======
2023-11-06 00:12:02 info: 🚀 App listening on port - 3001 🚀
2023-11-06 00:12:02 info: 🔗 http://localhost:3001/api/v1 🔗
2023-11-06 00:12:02 info: ==================================
2023-11-06 00:12:06 info: ==================================
2023-11-06 00:12:06 info: ======= ENV: "development" =======
2023-11-06 00:12:06 info: 🚀 App listening on port - 3001 🚀
2023-11-06 00:12:06 info: 🔗 http://localhost:3001/api/v1 🔗
2023-11-06 00:12:06 info: ==================================
2023-11-06 00:12:08 info: ==================================
2023-11-06 00:12:08 info: ======= ENV: "development" =======
2023-11-06 00:12:08 info: 🚀 App listening on port - 3001 🚀
2023-11-06 00:12:08 info: 🔗 http://localhost:3001/api/v1 🔗
2023-11-06 00:12:08 info: ==================================
2023-11-06 00:14:46 info: ==================================
2023-11-06 00:14:46 info: ======= ENV: "development" =======
2023-11-06 00:14:46 info: 🚀 App listening on port - 3001 🚀
2023-11-06 00:14:46 info: 🔗 http://localhost:3001/api/v1 🔗
2023-11-06 00:14:46 info: ==================================
2023-11-06 00:14:51 info: ==================================
2023-11-06 00:14:51 info: ======= ENV: "development" =======
2023-11-06 00:14:51 info: 🚀 App listening on port - 3001 🚀
2023-11-06 00:14:51 info: 🔗 http://localhost:3001/api/v1 🔗
2023-11-06 00:14:51 info: ==================================
2023-11-06 00:16:24 info: [0mPOST /api/v1/user [32m200[0m 20.378 ms - 87[0m
2023-11-06 00:16:47 info: [0mPUT /api/v1/user/1 [32m200[0m 2.274 ms - 91[0m
2023-11-06 00:17:16 info: [0mDELETE /api/v1/user/1 [32m200[0m 0.894 ms - 39[0m
2023-11-06 00:19:54 info: ==================================
2023-11-06 00:19:54 info: ======= ENV: "development" =======
2023-11-06 00:19:54 info: 🚀 App listening on port - 3001 🚀
2023-11-06 00:19:54 info: 🔗 http://localhost:3001/api/v1 🔗
2023-11-06 00:19:54 info: ==================================
2023-11-06 00:20:00 info: ==================================
2023-11-06 00:20:00 info: ======= ENV: "development" =======
2023-11-06 00:20:00 info: 🚀 App listening on port - 3001 🚀
2023-11-06 00:20:00 info: 🔗 http://localhost:3001/api/v1 🔗
2023-11-06 00:20:00 info: ==================================
2023-11-06 00:20:04 info: ==================================
2023-11-06 00:20:04 info: ======= ENV: "development" =======
2023-11-06 00:20:04 info: 🚀 App listening on port - 3001 🚀
2023-11-06 00:20:04 info: 🔗 http://localhost:3001/api/v1 🔗
2023-11-06 00:20:04 info: ==================================
2023-11-06 00:20:07 info: ==================================
2023-11-06 00:20:07 info: ======= ENV: "development" =======
2023-11-06 00:20:07 info: 🚀 App listening on port - 3001 🚀
2023-11-06 00:20:07 info: 🔗 http://localhost:3001/api/v1 🔗
2023-11-06 00:20:07 info: ==================================
2023-11-06 00:20:11 info: ==================================
2023-11-06 00:20:11 info: ======= ENV: "development" =======
2023-11-06 00:20:11 info: 🚀 App listening on port - 3001 🚀
2023-11-06 00:20:11 info: 🔗 http://localhost:3001/api/v1 🔗
2023-11-06 00:20:11 info: ==================================
2023-11-06 00:20:16 info: ==================================
2023-11-06 00:20:16 info: ======= ENV: "development" =======
2023-11-06 00:20:16 info: 🚀 App listening on port - 3001 🚀
2023-11-06 00:20:16 info: 🔗 http://localhost:3001/api/v1 🔗
2023-11-06 00:20:16 info: ==================================
2023-11-06 00:20:22 info: ==================================
2023-11-06 00:20:22 info: ======= ENV: "development" =======
2023-11-06 00:20:22 info: 🚀 App listening on port - 3001 🚀
2023-11-06 00:20:22 info: 🔗 http://localhost:3001/api/v1 🔗
2023-11-06 00:20:22 info: ==================================
2023-11-06 00:20:24 info: ==================================
2023-11-06 00:20:24 info: ======= ENV: "development" =======
2023-11-06 00:20:24 info: 🚀 App listening on port - 3001 🚀
2023-11-06 00:20:24 info: 🔗 http://localhost:3001/api/v1 🔗
2023-11-06 00:20:24 info: ==================================
2023-11-06 00:26:32 info: ==================================
2023-11-06 00:26:32 info: ======= ENV: "development" =======
2023-11-06 00:26:32 info: 🚀 App listening on port - 3001 🚀
2023-11-06 00:26:32 info: 🔗 http://localhost:3001/api/v1 🔗
2023-11-06 00:26:32 info: ==================================
2023-11-06 00:26:37 info: [0mPOST /api/v1/user [32m200[0m 18.776 ms - 97[0m
2023-11-06 00:26:53 info: [0mPOST /api/v1/user [32m200[0m 2.372 ms - 97[0m
2023-11-06 00:27:02 info: [0mGET /api/v1/user/12 [32m200[0m 1.387 ms - 42[0m
2023-11-06 00:27:06 info: [0mPUT /api/v1/user/1 [32m200[0m 1.223 ms - 101[0m
2023-11-06 00:27:27 info: ==================================
2023-11-06 00:27:27 info: ======= ENV: "development" =======
2023-11-06 00:27:27 info: 🚀 App listening on port - 3001 🚀
2023-11-06 00:27:27 info: 🔗 http://localhost:3001/api/v1 🔗
2023-11-06 00:27:27 info: ==================================
2023-11-06 00:27:34 info: ==================================
2023-11-06 00:27:34 info: ======= ENV: "development" =======
2023-11-06 00:27:34 info: 🚀 App listening on port - 3001 🚀
2023-11-06 00:27:34 info: 🔗 http://localhost:3001/api/v1 🔗
2023-11-06 00:27:34 info: ==================================
2023-11-06 00:27:36 info: ==================================
2023-11-06 00:27:36 info: ======= ENV: "development" =======
2023-11-06 00:27:36 info: 🚀 App listening on port - 3001 🚀
2023-11-06 00:27:36 info: 🔗 http://localhost:3001/api/v1 🔗
2023-11-06 00:27:36 info: ==================================
2023-11-06 00:33:01 info: ==================================
2023-11-06 00:33:01 info: ======= ENV: "development" =======
2023-11-06 00:33:01 info: 🚀 App listening on port - 3001 🚀
2023-11-06 00:33:01 info: 🔗 http://localhost:3001/api/v1 🔗
2023-11-06 00:33:01 info: ==================================
2023-11-06 00:33:06 info: ==================================
2023-11-06 00:33:06 info: ======= ENV: "development" =======
2023-11-06 00:33:06 info: 🚀 App listening on port - 3001 🚀
2023-11-06 00:33:06 info: 🔗 http://localhost:3001/api/v1 🔗
2023-11-06 00:33:06 info: ==================================
2023-11-06 00:36:46 info: ==================================
2023-11-06 00:36:46 info: ======= ENV: "development" =======
2023-11-06 00:36:46 info: 🚀 App listening on port - 3001 🚀
2023-11-06 00:36:46 info: 🔗 http://localhost:3001/api/v1 🔗
2023-11-06 00:36:46 info: ==================================
2023-11-06 00:41:08 info: ==================================
2023-11-06 00:41:08 info: ======= ENV: "development" =======
2023-11-06 00:41:08 info: 🚀 App listening on port - 3001 🚀
2023-11-06 00:41:08 info: 🔗 http://localhost:3001/api/v1 🔗
2023-11-06 00:41:08 info: ==================================
2023-11-06 00:41:15 info: [0mGET /api/v1/user/12 [32m200[0m 5.334 ms - 42[0m
2023-11-06 00:41:50 info: ==================================
2023-11-06 00:41:50 info: ======= ENV: "development" =======
2023-11-06 00:41:50 info: 🚀 App listening on port - 3001 🚀
2023-11-06 00:41:50 info: 🔗 http://localhost:3001/api/v1 🔗
2023-11-06 00:41:50 info: ==================================
2023-11-06 00:41:54 info: ==================================
2023-11-06 00:41:54 info: ======= ENV: "development" =======
2023-11-06 00:41:54 info: 🚀 App listening on port - 3001 🚀
2023-11-06 00:41:54 info: 🔗 http://localhost:3001/api/v1 🔗
2023-11-06 00:41:54 info: ==================================
2023-11-06 00:42:04 info: ==================================
2023-11-06 00:42:04 info: ======= ENV: "development" =======
2023-11-06 00:42:04 info: 🚀 App listening on port - 3001 🚀
2023-11-06 00:42:04 info: 🔗 http://localhost:3001/api/v1 🔗
2023-11-06 00:42:04 info: ==================================
2023-11-06 00:43:37 info: [0mPUT /api/v1/user/1 [32m200[0m 14.527 ms - 111[0m
2023-11-06 00:52:58 info: ==================================
2023-11-06 00:52:58 info: ======= ENV: "development" =======
2023-11-06 00:52:58 info: 🚀 App listening on port - 3001 🚀
2023-11-06 00:52:58 info: 🔗 http://localhost:3001/api/v1 🔗
2023-11-06 00:52:58 info: ==================================
2023-11-06 01:34:20 info: ==================================
2023-11-06 01:34:20 info: ======= ENV: "development" =======
2023-11-06 01:34:20 info: 🚀 App listening on port - 3001 🚀
2023-11-06 01:34:20 info: 🔗 http://localhost:3001/api/v1 🔗
2023-11-06 01:34:20 info: ==================================
2023-11-06 01:34:32 info: ==================================
2023-11-06 01:34:32 info: ======= ENV: "development" =======
2023-11-06 01:34:32 info: 🚀 App listening on port - 3001 🚀
2023-11-06 01:34:32 info: 🔗 http://localhost:3001/api/v1 🔗
2023-11-06 01:34:32 info: ==================================
2023-11-06 01:34:34 info: ==================================
2023-11-06 01:34:34 info: ======= ENV: "development" =======
2023-11-06 01:34:34 info: 🚀 App listening on port - 3001 🚀
2023-11-06 01:34:34 info: 🔗 http://localhost:3001/api/v1 🔗
2023-11-06 01:34:34 info: ==================================
2023-11-06 01:34:42 info: ==================================
2023-11-06 01:34:42 info: ======= ENV: "development" =======
2023-11-06 01:34:42 info: 🚀 App listening on port - 3001 🚀
2023-11-06 01:34:42 info: 🔗 http://localhost:3001/api/v1 🔗
2023-11-06 01:34:42 info: ==================================
2023-11-06 01:34:57 info: ==================================
2023-11-06 01:34:57 info: ======= ENV: "development" =======
2023-11-06 01:34:57 info: 🚀 App listening on port - 3001 🚀
2023-11-06 01:34:57 info: 🔗 http://localhost:3001/api/v1 🔗
2023-11-06 01:34:57 info: ==================================
2023-11-06 01:35:01 info: ==================================
2023-11-06 01:35:01 info: ======= ENV: "development" =======
2023-11-06 01:35:01 info: 🚀 App listening on port - 3001 🚀
2023-11-06 01:35:01 info: 🔗 http://localhost:3001/api/v1 🔗
2023-11-06 01:35:01 info: ==================================
2023-11-06 01:35:03 info: ==================================
2023-11-06 01:35:03 info: ======= ENV: "development" =======
2023-11-06 01:35:03 info: 🚀 App listening on port - 3001 🚀
2023-11-06 01:35:03 info: 🔗 http://localhost:3001/api/v1 🔗
2023-11-06 01:35:03 info: ==================================
2023-11-06 01:35:10 info: ==================================
2023-11-06 01:35:10 info: ======= ENV: "development" =======
2023-11-06 01:35:10 info: 🚀 App listening on port - 3001 🚀
2023-11-06 01:35:10 info: 🔗 http://localhost:3001/api/v1 🔗
2023-11-06 01:35:10 info: ==================================
2023-11-06 01:35:19 info: ==================================
2023-11-06 01:35:19 info: ======= ENV: "development" =======
2023-11-06 01:35:19 info: 🚀 App listening on port - 3001 🚀
2023-11-06 01:35:19 info: 🔗 http://localhost:3001/api/v1 🔗
2023-11-06 01:35:19 info: ==================================
2023-11-06 01:35:55 info: ==================================
2023-11-06 01:35:55 info: ======= ENV: "development" =======
2023-11-06 01:35:55 info: 🚀 App listening on port - 3001 🚀
2023-11-06 01:35:55 info: 🔗 http://localhost:3001/api/v1 🔗
2023-11-06 01:35:55 info: ==================================
2023-11-06 01:36:05 info: ==================================
2023-11-06 01:36:05 info: ======= ENV: "development" =======
2023-11-06 01:36:05 info: 🚀 App listening on port - 3001 🚀
2023-11-06 01:36:05 info: 🔗 http://localhost:3001/api/v1 🔗
2023-11-06 01:36:05 info: ==================================
2023-11-06 01:36:10 info: ==================================
2023-11-06 01:36:10 info: ======= ENV: "development" =======
2023-11-06 01:36:10 info: 🚀 App listening on port - 3001 🚀
2023-11-06 01:36:10 info: 🔗 http://localhost:3001/api/v1 🔗
2023-11-06 01:36:10 info: ==================================
2023-11-06 01:36:13 info: ==================================
2023-11-06 01:36:13 info: ======= ENV: "development" =======
2023-11-06 01:36:13 info: 🚀 App listening on port - 3001 🚀
2023-11-06 01:36:13 info: 🔗 http://localhost:3001/api/v1 🔗
2023-11-06 01:36:13 info: ==================================
2023-11-06 01:36:23 info: ==================================
2023-11-06 01:36:23 info: ======= ENV: "development" =======
2023-11-06 01:36:23 info: 🚀 App listening on port - 3001 🚀
2023-11-06 01:36:23 info: 🔗 http://localhost:3001/api/v1 🔗
2023-11-06 01:36:23 info: ==================================
2023-11-06 01:36:43 info: ==================================
2023-11-06 01:36:43 info: ======= ENV: "development" =======
2023-11-06 01:36:43 info: 🚀 App listening on port - 3001 🚀
2023-11-06 01:36:43 info: 🔗 http://localhost:3001/api/v1 🔗
2023-11-06 01:36:43 info: ==================================
2023-11-06 01:36:45 info: ==================================
2023-11-06 01:36:45 info: ======= ENV: "development" =======
2023-11-06 01:36:45 info: 🚀 App listening on port - 3001 🚀
2023-11-06 01:36:45 info: 🔗 http://localhost:3001/api/v1 🔗
2023-11-06 01:36:45 info: ==================================
2023-11-06 01:36:48 info: ==================================
2023-11-06 01:36:48 info: ======= ENV: "development" =======
2023-11-06 01:36:48 info: 🚀 App listening on port - 3001 🚀
2023-11-06 01:36:48 info: 🔗 http://localhost:3001/api/v1 🔗
2023-11-06 01:36:48 info: ==================================
2023-11-06 01:36:49 info: ==================================
2023-11-06 01:36:49 info: ======= ENV: "development" =======
2023-11-06 01:36:49 info: 🚀 App listening on port - 3001 🚀
2023-11-06 01:36:49 info: 🔗 http://localhost:3001/api/v1 🔗
2023-11-06 01:36:49 info: ==================================
2023-11-06 01:36:52 info: ==================================
2023-11-06 01:36:52 info: ======= ENV: "development" =======
2023-11-06 01:36:52 info: 🚀 App listening on port - 3001 🚀
2023-11-06 01:36:52 info: 🔗 http://localhost:3001/api/v1 🔗
2023-11-06 01:36:52 info: ==================================
2023-11-06 01:36:57 info: ==================================
2023-11-06 01:36:57 info: ======= ENV: "development" =======
2023-11-06 01:36:57 info: 🚀 App listening on port - 3001 🚀
2023-11-06 01:36:57 info: 🔗 http://localhost:3001/api/v1 🔗
2023-11-06 01:36:57 info: ==================================
2023-11-06 01:37:00 info: ==================================
2023-11-06 01:37:00 info: ======= ENV: "development" =======
2023-11-06 01:37:00 info: 🚀 App listening on port - 3001 🚀
2023-11-06 01:37:00 info: 🔗 http://localhost:3001/api/v1 🔗
2023-11-06 01:37:00 info: ==================================
2023-11-06 01:37:02 info: ==================================
2023-11-06 01:37:02 info: ======= ENV: "development" =======
2023-11-06 01:37:02 info: 🚀 App listening on port - 3001 🚀
2023-11-06 01:37:02 info: 🔗 http://localhost:3001/api/v1 🔗
2023-11-06 01:37:02 info: ==================================
2023-11-06 01:37:08 info: ==================================
2023-11-06 01:37:08 info: ======= ENV: "development" =======
2023-11-06 01:37:08 info: 🚀 App listening on port - 3001 🚀
2023-11-06 01:37:08 info: 🔗 http://localhost:3001/api/v1 🔗
2023-11-06 01:37:08 info: ==================================
2023-11-06 01:57:44 info: ==================================
2023-11-06 01:57:44 info: ======= ENV: "development" =======
2023-11-06 01:57:44 info: 🚀 App listening on port - 3001 🚀
2023-11-06 01:57:44 info: 🔗 http://localhost:3001/api/v1 🔗
2023-11-06 01:57:44 info: ==================================
2023-11-06 01:57:44 info: ==================================
2023-11-06 01:57:44 info: ======= URL: "3412" =======
2023-11-06 01:57:44 info: ======= URL: "testimonials_db_dev" =======
2023-11-06 01:57:44 info: ==================================
2023-11-06 01:57:44 info: ==================================
2023-11-06 01:57:44 info: ======= ENV: "development" =======
2023-11-06 01:57:44 info: 🚀 App listening on port - 3001 🚀
2023-11-06 01:57:44 info: 🔗 http://localhost:3001/api/v1 🔗
2023-11-06 01:57:44 info: ==================================
2023-11-06 01:57:46 info: ==================================
2023-11-06 01:57:46 info: ======= URL: "3412" =======
2023-11-06 01:57:46 info: ======= URL: "testimonials_db_dev" =======
2023-11-06 01:57:46 info: ==================================
2023-11-06 01:57:46 info: ==================================
2023-11-06 01:57:46 info: ======= ENV: "development" =======
2023-11-06 01:57:46 info: 🚀 App listening on port - 3001 🚀
2023-11-06 01:57:46 info: 🔗 http://localhost:3001/api/v1 🔗
2023-11-06 01:57:46 info: ==================================
2023-11-06 01:58:43 info: ==================================
2023-11-06 01:58:43 info: ======= PORT: "3412" =======
2023-11-06 01:58:43 info: ======= URL: "testimonials_db_dev" =======
2023-11-06 01:58:43 info: ==================================
2023-11-06 01:58:43 info: ==================================
2023-11-06 01:58:43 info: ======= ENV: "development" =======
2023-11-06 01:58:43 info: 🚀 App listening on port - 3001 🚀
2023-11-06 01:58:43 info: 🔗 http://localhost:3001/api/v1 🔗
2023-11-06 01:58:43 info: ==================================
2023-11-06 01:58:53 info: ==================================
2023-11-06 01:58:53 info: ======= PORT: "3412" =======
2023-11-06 01:58:53 info: ======= DATABASE: "testimonials_db_dev" =======
2023-11-06 01:58:53 info: ==================================
2023-11-06 01:58:53 info: ==================================
2023-11-06 01:58:53 info: ======= ENV: "development" =======
2023-11-06 01:58:53 info: 🚀 App listening on port - 3001 🚀
2023-11-06 01:58:53 info: 🔗 http://localhost:3001/api/v1 🔗
2023-11-06 01:58:53 info: ==================================
2023-11-06 01:59:17 info: ======================================
2023-11-06 01:59:17 info: ======= PORT: "3412" =======
2023-11-06 01:59:17 info: ======= DATABASE: "testimonials_db_dev" =======
2023-11-06 01:59:17 info: ==================================
2023-11-06 01:59:17 info: ==================================
2023-11-06 01:59:17 info: ======= ENV: "development" =======
2023-11-06 01:59:17 info: 🚀 App listening on port - 3001 🚀
2023-11-06 01:59:17 info: 🔗 http://localhost:3001/api/v1 🔗
2023-11-06 01:59:17 info: ==================================
2023-11-06 01:59:29 info: ============================================
2023-11-06 01:59:29 info: ======= PORT: "3412" =======
2023-11-06 01:59:29 info: ======= DATABASE: "testimonials_db_dev" =======
2023-11-06 01:59:29 info: ==================================
2023-11-06 01:59:29 info: ==================================
2023-11-06 01:59:29 info: ======= ENV: "development" =======
2023-11-06 01:59:29 info: 🚀 App listening on port - 3001 🚀
2023-11-06 01:59:29 info: 🔗 http://localhost:3001/api/v1 🔗
2023-11-06 01:59:29 info: ==================================
2023-11-06 01:59:38 info: ===============================================
2023-11-06 01:59:38 info: ======= PORT: "3412" =======
2023-11-06 01:59:38 info: ======= DATABASE: "testimonials_db_dev" =======
2023-11-06 01:59:38 info: ==================================
2023-11-06 01:59:38 info: ==================================
2023-11-06 01:59:38 info: ======= ENV: "development" =======
2023-11-06 01:59:38 info: 🚀 App listening on port - 3001 🚀
2023-11-06 01:59:38 info: 🔗 http://localhost:3001/api/v1 🔗
2023-11-06 01:59:38 info: ==================================
2023-11-06 01:59:49 info: ===============================================
2023-11-06 01:59:49 info: ======= PORT: "3412" =======
2023-11-06 01:59:49 info: ======= DATABASE: "testimonials_db_dev" =======
2023-11-06 01:59:49 info: ===============================================
2023-11-06 01:59:49 info: ==================================
2023-11-06 01:59:49 info: ==================================
2023-11-06 01:59:49 info: ======= ENV: "development" =======
2023-11-06 01:59:49 info: 🚀 App listening on port - 3001 🚀
2023-11-06 01:59:49 info: 🔗 http://localhost:3001/api/v1 🔗
2023-11-06 01:59:49 info: ==================================
2023-11-06 01:59:53 info: ===============================================
2023-11-06 01:59:53 info: ======= PORT: "3412" =======
2023-11-06 01:59:53 info: ======= DATABASE: "testimonials_db_dev" =======
2023-11-06 01:59:53 info: ===============================================
2023-11-06 01:59:53 info: ==================================
2023-11-06 01:59:53 info: ======= ENV: "development" =======
2023-11-06 01:59:53 info: 🚀 App listening on port - 3001 🚀
2023-11-06 01:59:53 info: 🔗 http://localhost:3001/api/v1 🔗
2023-11-06 01:59:53 info: ==================================
2023-11-06 01:59:58 info: ===============================================
2023-11-06 01:59:58 info: ========== PORT: "3412" =======
2023-11-06 01:59:58 info: ======= DATABASE: "testimonials_db_dev" =======
2023-11-06 01:59:58 info: ===============================================
2023-11-06 01:59:58 info: ==================================
2023-11-06 01:59:58 info: ======= ENV: "development" =======
2023-11-06 01:59:58 info: 🚀 App listening on port - 3001 🚀
2023-11-06 01:59:58 info: 🔗 http://localhost:3001/api/v1 🔗
2023-11-06 01:59:58 info: ==================================
2023-11-06 02:00:02 info: ===============================================
2023-11-06 02:00:02 info: ========== PORT: "3412" ==========
2023-11-06 02:00:02 info: ======= DATABASE: "testimonials_db_dev" =======
2023-11-06 02:00:02 info: ===============================================
2023-11-06 02:00:02 info: ==================================
2023-11-06 02:00:02 info: ======= ENV: "development" =======
2023-11-06 02:00:02 info: 🚀 App listening on port - 3001 🚀
2023-11-06 02:00:02 info: 🔗 http://localhost:3001/api/v1 🔗
2023-11-06 02:00:02 info: ==================================
2023-11-06 02:00:15 info: ===============================================
2023-11-06 02:00:15 info: ============= PORT: "3412" ==========
2023-11-06 02:00:15 info: ======= DATABASE: "testimonials_db_dev" =======
2023-11-06 02:00:15 info: ===============================================
2023-11-06 02:00:15 info: ==================================
2023-11-06 02:00:15 info: ======= ENV: "development" =======
2023-11-06 02:00:15 info: 🚀 App listening on port - 3001 🚀
2023-11-06 02:00:15 info: 🔗 http://localhost:3001/api/v1 🔗
2023-11-06 02:00:15 info: ==================================
2023-11-06 02:00:19 info: ===============================================
2023-11-06 02:00:19 info: ============= PORT: "3412" =============
2023-11-06 02:00:19 info: ======= DATABASE: "testimonials_db_dev" =======
2023-11-06 02:00:19 info: ===============================================
2023-11-06 02:00:19 info: ==================================
2023-11-06 02:00:19 info: ======= ENV: "development" =======
2023-11-06 02:00:19 info: 🚀 App listening on port - 3001 🚀
2023-11-06 02:00:19 info: 🔗 http://localhost:3001/api/v1 🔗
2023-11-06 02:00:19 info: ==================================
2023-11-06 02:00:29 info: ===============================================
2023-11-06 02:00:29 info: ================ PORT: "3412" =============
2023-11-06 02:00:29 info: ======= DATABASE: "testimonials_db_dev" =======
2023-11-06 02:00:29 info: ===============================================
2023-11-06 02:00:29 info: ==================================
2023-11-06 02:00:29 info: ======= ENV: "development" =======
2023-11-06 02:00:29 info: 🚀 App listening on port - 3001 🚀
2023-11-06 02:00:29 info: 🔗 http://localhost:3001/api/v1 🔗
2023-11-06 02:00:29 info: ==================================
2023-11-06 02:00:34 info: ===============================================
2023-11-06 02:00:34 info: ================ PORT: "3412" ================
2023-11-06 02:00:34 info: ======= DATABASE: "testimonials_db_dev" =======
2023-11-06 02:00:34 info: ===============================================
2023-11-06 02:00:34 info: ==================================
2023-11-06 02:00:34 info: ======= ENV: "development" =======
2023-11-06 02:00:34 info: 🚀 App listening on port - 3001 🚀
2023-11-06 02:00:34 info: 🔗 http://localhost:3001/api/v1 🔗
2023-11-06 02:00:34 info: ==================================
2023-11-06 02:01:08 info: ===============================================
2023-11-06 02:01:08 info: ======= PORT: "3412" ================
2023-11-06 02:01:08 info: ======= DATABASE: "testimonials_db_dev" =======
2023-11-06 02:01:08 info: ===============================================
2023-11-06 02:01:08 info: ==================================
2023-11-06 02:01:08 info: ======= ENV: "development" =======
2023-11-06 02:01:08 info: 🚀 App listening on port - 3001 🚀
2023-11-06 02:01:08 info: 🔗 http://localhost:3001/api/v1 🔗
2023-11-06 02:01:08 info: ==================================
2023-11-06 02:01:11 info: ===============================================
2023-11-06 02:01:11 info: ======= PORT: "3412" =========================
2023-11-06 02:01:11 info: ======= DATABASE: "testimonials_db_dev" =======
2023-11-06 02:01:11 info: ===============================================
2023-11-06 02:01:11 info: ==================================
2023-11-06 02:01:11 info: ======= ENV: "development" =======
2023-11-06 02:01:11 info: 🚀 App listening on port - 3001 🚀
2023-11-06 02:01:11 info: 🔗 http://localhost:3001/api/v1 🔗
2023-11-06 02:01:11 info: ==================================
2023-11-06 02:01:13 info: ===============================================
2023-11-06 02:01:13 info: ======= PORT: "3412" ==========================
2023-11-06 02:01:13 info: ======= DATABASE: "testimonials_db_dev" =======
2023-11-06 02:01:13 info: ===============================================
2023-11-06 02:01:13 info: ==================================
2023-11-06 02:01:13 info: ======= ENV: "development" =======
2023-11-06 02:01:13 info: 🚀 App listening on port - 3001 🚀
2023-11-06 02:01:13 info: 🔗 http://localhost:3001/api/v1 🔗
2023-11-06 02:01:13 info: ==================================
2023-11-06 02:01:52 info: ===============================================
2023-11-06 02:01:52 info: ======= PORT: "3412" ==========================
2023-11-06 02:01:52 info: ======= DATABASE: "testimonials_db_dev" =======
2023-11-06 02:01:52 info: ===============================================
2023-11-06 02:01:52 info: ==================================
2023-11-06 02:01:52 info: ======= ENV: "development" =======
2023-11-06 02:01:52 info: 🚀 App listening on port - 3001 🚀
2023-11-06 02:01:52 info: 🔗 http://localhost:3001/api/v1 🔗
2023-11-06 02:01:52 info: ==================================
2023-11-06 02:01:57 info: ===============================================
2023-11-06 02:01:57 info: ======= PORT: "3412" ==========================
2023-11-06 02:01:57 info: ======= DATABASE: "testimonials_db_dev" =======
2023-11-06 02:01:57 info: ===============================================
2023-11-06 02:01:57 info: ==================================
2023-11-06 02:01:57 info: ======= ENV: "development" =======
2023-11-06 02:01:57 info: 🚀 App listening on port - 3001 🚀
2023-11-06 02:01:57 info: 🔗 http://localhost:3001/api/v1 🔗
2023-11-06 02:01:57 info: ==================================
2023-11-06 02:02:00 info: ===============================================
2023-11-06 02:02:00 info: ======= PORT: "3412" ==========================
2023-11-06 02:02:00 info: ======= DATABASE: "testimonials_db_dev" =======
2023-11-06 02:02:00 info: ===============================================
2023-11-06 02:02:00 info: ==================================
2023-11-06 02:02:00 info: ======= ENV: "development" =======
2023-11-06 02:02:00 info: 🚀 App listening on port - 3001 🚀
2023-11-06 02:02:00 info: 🔗 http://localhost:3001/api/v1 🔗
2023-11-06 02:02:00 info: ==================================
2023-11-06 02:02:02 info: ===============================================
2023-11-06 02:02:02 info: ======= PORT: "3412" ==========================
2023-11-06 02:02:02 info: ======= DATABASE: "testimonials_db_dev" =======
2023-11-06 02:02:02 info: ===============================================
2023-11-06 02:02:02 info: ==================================
2023-11-06 02:02:02 info: ======= ENV: "development" =======
2023-11-06 02:02:02 info: 🚀 App listening on port - 3001 🚀
2023-11-06 02:02:02 info: 🔗 http://localhost:3001/api/v1 🔗
2023-11-06 02:02:02 info: ==================================
2023-11-06 02:02:03 info: ===============================================
2023-11-06 02:02:03 info: ======= PORT: "3412" ==========================
2023-11-06 02:02:03 info: ======= DATABASE: "testimonials_db_dev" =======
2023-11-06 02:02:03 info: ===============================================
2023-11-06 02:02:03 info: ==================================
2023-11-06 02:02:03 info: ======= ENV: "development" =======
2023-11-06 02:02:03 info: 🚀 App listening on port - 3001 🚀
2023-11-06 02:02:03 info: 🔗 http://localhost:3001/api/v1 🔗
2023-11-06 02:02:03 info: ==================================
2023-11-06 02:02:13 info: ===============================================
2023-11-06 02:02:13 info: ======= PORT: "3412" ==========================
2023-11-06 02:02:13 info: ======= DATABASE: "testimonials_db_dev" =======
2023-11-06 02:02:13 info: ===============================================
2023-11-06 02:02:13 info: ==================================
2023-11-06 02:02:13 info: ======= ENV: "development" =======
2023-11-06 02:02:13 info: 🚀 App listening on port - 3001 🚀
2023-11-06 02:02:13 info: 🔗 http://localhost:3001/api/v1 🔗
2023-11-06 02:02:13 info: ==================================
2023-11-06 02:02:32 info: ===============================================
2023-11-06 02:02:32 info: ====== PORT: "3412" ==========================
2023-11-06 02:02:32 info: ====== DATABASE: "testimonials_db_dev" =======
2023-11-06 02:02:32 info: ===============================================
2023-11-06 02:02:32 info: ==================================
2023-11-06 02:02:32 info: ======= ENV: "development" =======
2023-11-06 02:02:32 info: 🚀 App listening on port - 3001 🚀
2023-11-06 02:02:32 info: 🔗 http://localhost:3001/api/v1 🔗
2023-11-06 02:02:32 info: ==================================
2023-11-06 02:02:38 info: ===============================================
2023-11-06 02:02:38 info: ======🚀 PORT: "3412" ==========================
2023-11-06 02:02:38 info: ====== DATABASE: "testimonials_db_dev" =======
2023-11-06 02:02:38 info: ===============================================
2023-11-06 02:02:38 info: ==================================
2023-11-06 02:02:38 info: ======= ENV: "development" =======
2023-11-06 02:02:38 info: 🚀 App listening on port - 3001 🚀
2023-11-06 02:02:38 info: 🔗 http://localhost:3001/api/v1 🔗
2023-11-06 02:02:38 info: ==================================
2023-11-06 02:02:45 info: ===============================================
2023-11-06 02:02:45 info: ======🚀 PORT: "3412" ==========================
2023-11-06 02:02:45 info: ======🚀 DATABASE: "testimonials_db_dev" =======
2023-11-06 02:02:45 info: ===============================================
2023-11-06 02:02:45 info: ==================================
2023-11-06 02:02:45 info: ======= ENV: "development" =======
2023-11-06 02:02:45 info: 🚀 App listening on port - 3001 🚀
2023-11-06 02:02:45 info: 🔗 http://localhost:3001/api/v1 🔗
2023-11-06 02:02:45 info: ==================================
2023-11-06 02:02:47 info: ===============================================
2023-11-06 02:02:47 info: ====== 🚀 PORT: "3412" ==========================
2023-11-06 02:02:47 info: ====== 🚀 DATABASE: "testimonials_db_dev" =======
2023-11-06 02:02:47 info: ===============================================
2023-11-06 02:02:47 info: ==================================
2023-11-06 02:02:47 info: ======= ENV: "development" =======
2023-11-06 02:02:47 info: 🚀 App listening on port - 3001 🚀
2023-11-06 02:02:47 info: 🔗 http://localhost:3001/api/v1 🔗
2023-11-06 02:02:47 info: ==================================
2023-11-06 02:03:01 info: ===============================================
2023-11-06 02:03:01 info: ====== 🚀 PORT: "3412" ========================
2023-11-06 02:03:01 info: ====== 🚀 DATABASE: "testimonials_db_dev" =======
2023-11-06 02:03:01 info: ===============================================
2023-11-06 02:03:01 info: ==================================
2023-11-06 02:03:01 info: ======= ENV: "development" =======
2023-11-06 02:03:01 info: 🚀 App listening on port - 3001 🚀
2023-11-06 02:03:01 info: 🔗 http://localhost:3001/api/v1 🔗
2023-11-06 02:03:01 info: ==================================
2023-11-06 02:03:05 info: ===============================================
2023-11-06 02:03:05 info: ====== 🚀 PORT: "3412" ========================
2023-11-06 02:03:05 info: ====== 🚀 DATABASE: "testimonials_db_dev" =====
2023-11-06 02:03:05 info: ===============================================
2023-11-06 02:03:05 info: ==================================
2023-11-06 02:03:05 info: ======= ENV: "development" =======
2023-11-06 02:03:05 info: 🚀 App listening on port - 3001 🚀
2023-11-06 02:03:05 info: 🔗 http://localhost:3001/api/v1 🔗
2023-11-06 02:03:05 info: ==================================
2023-11-06 02:03:56 info: ===============================================
2023-11-06 02:03:56 info: ====== 🚀 PORT: "3412" ========================
2023-11-06 02:03:56 info: ====== 🚀 DATABASE: "testimonials_db_dev" =====
2023-11-06 02:03:56 info: ===============================================
2023-11-06 02:03:56 info: ==================================
2023-11-06 02:03:56 info: ======= ENV: "development" =======
2023-11-06 02:03:56 info: 🚀 App listening on port - 3001 🚀
2023-11-06 02:03:56 info: 🔗 http://localhost:3001/api/v1 🔗
2023-11-06 02:03:56 info: ==================================
2023-11-06 02:04:03 info: ===============================================
2023-11-06 02:04:03 info: ====== 🚀 PORT: "3412" ========================
2023-11-06 02:04:03 info: ====== 🚀 DATABASE: "testimonials_db_dev" =====
2023-11-06 02:04:03 info: ===============================================
2023-11-06 02:04:03 info: ==================================
2023-11-06 02:04:03 info: ======= ENV: "development" =======
2023-11-06 02:04:03 info: 🚀 App listening on port - 3001 🚀
2023-11-06 02:04:03 info: 🔗 http://localhost:3001/api/v1 🔗
2023-11-06 02:04:03 info: ==================================
2023-11-06 02:04:07 info: ===============================================
2023-11-06 02:04:07 info: ====== 🚀 PORT: "3412" ========================
2023-11-06 02:04:07 info: ====== 🚀 DATABASE: "testimonials_db_dev" =====
2023-11-06 02:04:07 info: ===============================================
2023-11-06 02:04:07 info: ==================================
2023-11-06 02:04:07 info: ======= ENV: "development" =======
2023-11-06 02:04:07 info: 🚀 App listening on port - 3001 🚀
2023-11-06 02:04:07 info: 🔗 http://localhost:3001/api/v1 🔗
2023-11-06 02:04:07 info: ==================================
2023-11-06 02:04:08 info: ===============================================
2023-11-06 02:04:08 info: ====== 🚀 PORT: "3412" ========================
2023-11-06 02:04:08 info: ====== 🚀 DATABASE: "testimonials_db_dev" =====
2023-11-06 02:04:08 info: ===============================================
2023-11-06 02:04:08 info: ==================================
2023-11-06 02:04:08 info: ======= ENV: "development" =======
2023-11-06 02:04:08 info: 🚀 App listening on port - 3001 🚀
2023-11-06 02:04:08 info: 🔗 http://localhost:3001/api/v1 🔗
2023-11-06 02:04:08 info: ==================================
2023-11-06 02:04:21 info: ===============================================
2023-11-06 02:04:21 info: ====== 🚀 PORT: "3412" ========================
2023-11-06 02:04:21 info: ====== 🚀 DATABASE: "testimonials_db_dev" =====
2023-11-06 02:04:21 info: ===============================================
2023-11-06 02:04:21 info: ==================================
2023-11-06 02:04:21 info: ======= ENV: "development" =======
2023-11-06 02:04:21 info: 🚀 App listening on port - 3001 🚀
2023-11-06 02:04:21 info: 🔗 http://localhost:3001/api/v1 🔗
2023-11-06 02:04:21 info: ==================================
2023-11-06 02:04:28 info: ===============================================
2023-11-06 02:04:28 info: ====== 🚀 PORT: "3412" ========================
2023-11-06 02:04:28 info: ====== 🚀 DATABASE: "testimonials_db_dev" =====
2023-11-06 02:04:28 info: ===============================================
2023-11-06 02:04:28 info: ==================================
2023-11-06 02:04:28 info: ======= ENV: "development" =======
2023-11-06 02:04:28 info: 🚀 App listening on port - 3001 🚀
2023-11-06 02:04:28 info: 🔗 http://localhost:3001/api/v1 🔗
2023-11-06 02:04:28 info: ==================================
2023-11-06 02:04:42 info: ===============================================
2023-11-06 02:04:42 info: ====== 🚀 PORT: "3412" ========================
2023-11-06 02:04:42 info: ====== 🚀 DATABASE: "testimonials_db_dev" =====
2023-11-06 02:04:42 info: ===============================================
2023-11-06 02:04:42 info: ==================================
2023-11-06 02:04:42 info: ======= ENV: "development" =======
2023-11-06 02:04:42 info: 🚀 App listening on port - 3001 🚀
2023-11-06 02:04:42 info: 🔗 http://localhost:3001/api/v1 🔗
2023-11-06 02:04:42 info: ==================================
2023-11-06 02:09:48 info: [0mGET /api/v1/user [32m200[0m 6.045 ms - 37[0m
2023-11-06 02:09:53 info: [0mGET /api/v1/user/12 [32m200[0m 1.510 ms - 42[0m
2023-11-06 02:09:58 info: [0mDELETE /api/v1/user/1 [32m200[0m 0.905 ms - 52[0m
2023-11-06 02:10:02 info: [0mPUT /api/v1/user/1 [32m200[0m 19.142 ms - 111[0m
