2023-11-29 00:28:05 info: ==================================
2023-11-29 00:28:05 info: ======= ENV: "development" =======
2023-11-29 00:28:05 info: 🦻 App listening on port - 3001 🦻
2023-11-29 00:28:05 info: 🔗 http://localhost:3001/api/v1 🔗
2023-11-29 00:28:05 info: ==================================
2023-11-29 00:28:56 info: ==================================
2023-11-29 00:28:56 info: ======= ENV: "development" =======
2023-11-29 00:28:56 info: 🦻 App listening on port - 3001 🦻
2023-11-29 00:28:56 info: 🔗 http://localhost:3001/api/v1 🔗
2023-11-29 00:28:56 info: ==================================
2023-11-29 00:30:11 info: ==================================
2023-11-29 00:30:11 info: ======= ENV: "development" =======
2023-11-29 00:30:11 info: 🦻 App listening on port - 3001 🦻
2023-11-29 00:30:11 info: 🔗 http://localhost:3001/api/v1 🔗
2023-11-29 00:30:11 info: ==================================
2023-11-29 00:32:03 info: ==================================
2023-11-29 00:32:03 info: ======= ENV: "development" =======
2023-11-29 00:32:03 info: 🦻 App listening on port - 3001 🦻
2023-11-29 00:32:03 info: 🔗 http://localhost:3001/api/v1 🔗
2023-11-29 00:32:03 info: ==================================
2023-11-29 00:32:27 info: ==================================
2023-11-29 00:32:27 info: ======= ENV: "development" =======
2023-11-29 00:32:27 info: 🦻 App listening on port - 3001 🦻
2023-11-29 00:32:27 info: 🔗 http://localhost:3001/api/v1 🔗
2023-11-29 00:32:27 info: ==================================
2023-11-29 00:32:32 info: ==================================
2023-11-29 00:32:32 info: ======= ENV: "development" =======
2023-11-29 00:32:32 info: 🦻 App listening on port - 3001 🦻
2023-11-29 00:32:32 info: 🔗 http://localhost:3001/api/v1 🔗
2023-11-29 00:32:32 info: ==================================
2023-11-29 00:32:42 info: ==================================
2023-11-29 00:32:42 info: ======= ENV: "development" =======
2023-11-29 00:32:42 info: 🦻 App listening on port - 3001 🦻
2023-11-29 00:32:42 info: 🔗 http://localhost:3001/api/v1 🔗
2023-11-29 00:32:42 info: ==================================
2023-11-29 00:33:35 info: ==================================
2023-11-29 00:33:35 info: ======= ENV: "development" =======
2023-11-29 00:33:35 info: 🦻 App listening on port - 3002 🦻
2023-11-29 00:33:35 info: 🔗 http://localhost:3002/api/v1 🔗
2023-11-29 00:33:35 info: ==================================
2023-11-29 00:35:09 info: ==================================
2023-11-29 00:35:09 info: ======= ENV: "development" =======
2023-11-29 00:35:09 info: 🦻 App listening on port - 3002 🦻
2023-11-29 00:35:09 info: 🔗 http://localhost:3002/api/v1 🔗
2023-11-29 00:35:09 info: ==================================
2023-11-29 00:35:10 info: ======= 🔌 DB Connected 🔌 =======
2023-11-29 00:35:10 info: ==================================
2023-11-29 00:35:24 info: [0mGET /api/v1/alive [32m200[0m 4.634 ms - 50[0m
2023-11-29 00:53:55 info: ==================================
2023-11-29 00:53:55 info: ======= ENV: "development" =======
2023-11-29 00:53:55 info: 🦻 App listening on port - 3002 🦻
2023-11-29 00:53:55 info: 🔗 http://localhost:3002/api/v1 🔗
2023-11-29 00:53:55 info: ==================================
2023-11-29 00:55:27 info: ==================================
2023-11-29 00:55:27 info: ======= ENV: "development" =======
2023-11-29 00:55:27 info: 🦻 App listening on port - 3002 🦻
2023-11-29 00:55:27 info: 🔗 http://localhost:3002/api/v1 🔗
2023-11-29 00:55:27 info: ==================================
2023-11-29 01:07:45 info: ==================================
2023-11-29 01:07:45 info: ======= ENV: "development" =======
2023-11-29 01:07:45 info: 🦻 App listening on port - 3002 🦻
2023-11-29 01:07:45 info: 🔗 http://localhost:3002/api/v1 🔗
2023-11-29 01:07:45 info: ==================================
2023-11-29 01:08:39 info: ==================================
2023-11-29 01:08:39 info: ======= ENV: "development" =======
2023-11-29 01:08:39 info: 🦻 App listening on port - 3002 🦻
2023-11-29 01:08:39 info: 🔗 http://localhost:3002/api/v1 🔗
2023-11-29 01:08:39 info: ==================================
2023-11-29 01:21:17 info: ==================================
2023-11-29 01:21:17 info: ======= ENV: "development" =======
2023-11-29 01:21:17 info: 🦻 App listening on port - 3002 🦻
2023-11-29 01:21:17 info: 🔗 http://localhost:3002/api/v1 🔗
2023-11-29 01:21:17 info: ==================================
