2023-11-15 00:01:38 info: ==================================
2023-11-15 00:01:38 info: ======= ENV: "development" =======
2023-11-15 00:01:38 info: 🦻 App listening on port - 3001 🦻
2023-11-15 00:01:38 info: 🔗 http://localhost:3001/api/v1 🔗
2023-11-15 00:01:38 info: ==================================
2023-11-15 00:01:43 info: ==================================
2023-11-15 00:01:43 info: ======= ENV: "development" =======
2023-11-15 00:01:43 info: 🦻 App listening on port - 3001 🦻
2023-11-15 00:01:43 info: 🔗 http://localhost:3001/api/v1 🔗
2023-11-15 00:01:43 info: ==================================
2023-11-15 00:01:56 info: ==================================
2023-11-15 00:01:56 info: ======= ENV: "development" =======
2023-11-15 00:01:56 info: 🦻 App listening on port - 3001 🦻
2023-11-15 00:01:56 info: 🔗 http://localhost:3001/api/v1 🔗
2023-11-15 00:01:56 info: ==================================
2023-11-15 00:01:56 info: ======= 🔌 DB Connected 🔌 =======
2023-11-15 00:01:56 info: ==================================
2023-11-15 00:02:01 info: ==================================
2023-11-15 00:02:01 info: ======= ENV: "development" =======
2023-11-15 00:02:01 info: 🦻 App listening on port - 3001 🦻
2023-11-15 00:02:01 info: 🔗 http://localhost:3001/api/v1 🔗
2023-11-15 00:02:01 info: ==================================
2023-11-15 00:02:01 info: ======= 🔌 DB Connected 🔌 =======
2023-11-15 00:02:01 info: ==================================
2023-11-15 00:02:05 info: ==================================
2023-11-15 00:02:05 info: ======= ENV: "development" =======
2023-11-15 00:02:05 info: 🦻 App listening on port - 3001 🦻
2023-11-15 00:02:05 info: 🔗 http://localhost:3001/api/v1 🔗
2023-11-15 00:02:05 info: ==================================
2023-11-15 00:02:05 info: ======= 🔌 DB Connected 🔌 =======
2023-11-15 00:02:05 info: ==================================
2023-11-15 00:02:07 info: ==================================
2023-11-15 00:02:07 info: ======= ENV: "development" =======
2023-11-15 00:02:07 info: 🦻 App listening on port - 3001 🦻
2023-11-15 00:02:07 info: 🔗 http://localhost:3001/api/v1 🔗
2023-11-15 00:02:07 info: ==================================
2023-11-15 00:02:07 info: ======= 🔌 DB Connected 🔌 =======
2023-11-15 00:02:07 info: ==================================
2023-11-15 00:02:13 info: ==================================
2023-11-15 00:02:13 info: ======= ENV: "development" =======
2023-11-15 00:02:13 info: 🦻 App listening on port - 3001 🦻
2023-11-15 00:02:13 info: 🔗 http://localhost:3001/api/v1 🔗
2023-11-15 00:02:13 info: ==================================
2023-11-15 00:02:13 info: ======= 🔌 DB Connected 🔌 =======
2023-11-15 00:02:13 info: ==================================
2023-11-15 00:02:14 info: ==================================
2023-11-15 00:02:14 info: ======= ENV: "development" =======
2023-11-15 00:02:14 info: 🦻 App listening on port - 3001 🦻
2023-11-15 00:02:14 info: 🔗 http://localhost:3001/api/v1 🔗
2023-11-15 00:02:14 info: ==================================
2023-11-15 00:02:18 info: ==================================
2023-11-15 00:02:18 info: ======= ENV: "development" =======
2023-11-15 00:02:18 info: 🦻 App listening on port - 3001 🦻
2023-11-15 00:02:18 info: 🔗 http://localhost:3001/api/v1 🔗
2023-11-15 00:02:18 info: ==================================
2023-11-15 00:02:18 info: ======= 🔌 DB Connected 🔌 =======
2023-11-15 00:02:18 info: ==================================
2023-11-15 00:02:24 info: ==================================
2023-11-15 00:02:24 info: ======= ENV: "development" =======
2023-11-15 00:02:24 info: 🦻 App listening on port - 3001 🦻
2023-11-15 00:02:24 info: 🔗 http://localhost:3001/api/v1 🔗
2023-11-15 00:02:24 info: ==================================
2023-11-15 00:02:24 info: ======= 🔌 DB Connected 🔌 =======
2023-11-15 00:02:24 info: ==================================
2023-11-15 00:02:29 info: ==================================
2023-11-15 00:02:29 info: ======= ENV: "development" =======
2023-11-15 00:02:29 info: 🦻 App listening on port - 3001 🦻
2023-11-15 00:02:29 info: 🔗 http://localhost:3001/api/v1 🔗
2023-11-15 00:02:29 info: ==================================
2023-11-15 00:02:29 info: ======= 🔌 DB Connected 🔌 =======
2023-11-15 00:02:29 info: ==================================
2023-11-15 00:14:25 info: ==================================
2023-11-15 00:14:25 info: ======= ENV: "development" =======
2023-11-15 00:14:25 info: 🦻 App listening on port - 3001 🦻
2023-11-15 00:14:25 info: 🔗 http://localhost:3001/api/v1 🔗
2023-11-15 00:14:25 info: ==================================
2023-11-15 00:14:29 info: ==================================
2023-11-15 00:14:29 info: ======= ENV: "development" =======
2023-11-15 00:14:29 info: 🦻 App listening on port - 3001 🦻
2023-11-15 00:14:29 info: 🔗 http://localhost:3001/api/v1 🔗
2023-11-15 00:14:29 info: ==================================
2023-11-15 00:14:32 info: ==================================
2023-11-15 00:14:32 info: ======= ENV: "development" =======
2023-11-15 00:14:32 info: 🦻 App listening on port - 3001 🦻
2023-11-15 00:14:32 info: 🔗 http://localhost:3001/api/v1 🔗
2023-11-15 00:14:32 info: ==================================
2023-11-15 00:14:37 info: ==================================
2023-11-15 00:14:37 info: ======= ENV: "development" =======
2023-11-15 00:14:37 info: 🦻 App listening on port - 3001 🦻
2023-11-15 00:14:37 info: 🔗 http://localhost:3001/api/v1 🔗
2023-11-15 00:14:37 info: ==================================
2023-11-15 00:14:41 info: ==================================
2023-11-15 00:14:41 info: ======= ENV: "development" =======
2023-11-15 00:14:41 info: 🦻 App listening on port - 3001 🦻
2023-11-15 00:14:41 info: 🔗 http://localhost:3001/api/v1 🔗
2023-11-15 00:14:41 info: ==================================
2023-11-15 00:14:42 info: ==================================
2023-11-15 00:14:42 info: ======= ENV: "development" =======
2023-11-15 00:14:42 info: 🦻 App listening on port - 3001 🦻
2023-11-15 00:14:42 info: 🔗 http://localhost:3001/api/v1 🔗
2023-11-15 00:14:42 info: ==================================
2023-11-15 00:14:44 info: ==================================
2023-11-15 00:14:44 info: ======= ENV: "development" =======
2023-11-15 00:14:44 info: 🦻 App listening on port - 3001 🦻
2023-11-15 00:14:44 info: 🔗 http://localhost:3001/api/v1 🔗
2023-11-15 00:14:44 info: ==================================
2023-11-15 00:14:45 info: ==================================
2023-11-15 00:14:45 info: ======= ENV: "development" =======
2023-11-15 00:14:45 info: 🦻 App listening on port - 3001 🦻
2023-11-15 00:14:45 info: 🔗 http://localhost:3001/api/v1 🔗
2023-11-15 00:14:45 info: ==================================
2023-11-15 00:21:12 info: ==================================
2023-11-15 00:21:12 info: ======= ENV: "development" =======
2023-11-15 00:21:12 info: 🦻 App listening on port - 3500 🦻
2023-11-15 00:21:12 info: 🔗 http://localhost:3500/api/v1 🔗
2023-11-15 00:21:12 info: ==================================
2023-11-15 00:21:12 info: ======= 🔌 DB Connected 🔌 =======
2023-11-15 00:21:12 info: ==================================
2023-11-15 00:32:38 info: ==================================
2023-11-15 00:32:38 info: ======= ENV: "development" =======
2023-11-15 00:32:38 info: 🦻 App listening on port - 3500 🦻
2023-11-15 00:32:38 info: 🔗 http://localhost:3500/api/v1 🔗
2023-11-15 00:32:38 info: ==================================
2023-11-15 00:32:42 info: ==================================
2023-11-15 00:32:42 info: ======= ENV: "development" =======
2023-11-15 00:32:42 info: 🦻 App listening on port - 3500 🦻
2023-11-15 00:32:42 info: 🔗 http://localhost:3500/api/v1 🔗
2023-11-15 00:32:42 info: ==================================
2023-11-15 00:32:43 info: ==================================
2023-11-15 00:32:43 info: ======= ENV: "development" =======
2023-11-15 00:32:43 info: 🦻 App listening on port - 3500 🦻
2023-11-15 00:32:43 info: 🔗 http://localhost:3500/api/v1 🔗
2023-11-15 00:32:43 info: ==================================
2023-11-15 00:32:46 info: ==================================
2023-11-15 00:32:46 info: ======= ENV: "development" =======
2023-11-15 00:32:46 info: 🦻 App listening on port - 3500 🦻
2023-11-15 00:32:46 info: 🔗 http://localhost:3500/api/v1 🔗
2023-11-15 00:32:46 info: ==================================
2023-11-15 00:32:50 info: ==================================
2023-11-15 00:32:50 info: ======= ENV: "development" =======
2023-11-15 00:32:50 info: 🦻 App listening on port - 3500 🦻
2023-11-15 00:32:50 info: 🔗 http://localhost:3500/api/v1 🔗
2023-11-15 00:32:50 info: ==================================
2023-11-15 00:32:55 info: ==================================
2023-11-15 00:32:55 info: ======= ENV: "development" =======
2023-11-15 00:32:55 info: 🦻 App listening on port - 3500 🦻
2023-11-15 00:32:55 info: 🔗 http://localhost:3500/api/v1 🔗
2023-11-15 00:32:55 info: ==================================
2023-11-15 00:33:00 info: ==================================
2023-11-15 00:33:00 info: ======= ENV: "development" =======
2023-11-15 00:33:00 info: 🦻 App listening on port - 3500 🦻
2023-11-15 00:33:00 info: 🔗 http://localhost:3500/api/v1 🔗
2023-11-15 00:33:00 info: ==================================
2023-11-15 00:33:05 info: ==================================
2023-11-15 00:33:05 info: ======= ENV: "development" =======
2023-11-15 00:33:05 info: 🦻 App listening on port - 3500 🦻
2023-11-15 00:33:05 info: 🔗 http://localhost:3500/api/v1 🔗
2023-11-15 00:33:05 info: ==================================
2023-11-15 00:33:06 info: ==================================
2023-11-15 00:33:06 info: ======= ENV: "development" =======
2023-11-15 00:33:06 info: 🦻 App listening on port - 3500 🦻
2023-11-15 00:33:06 info: 🔗 http://localhost:3500/api/v1 🔗
2023-11-15 00:33:06 info: ==================================
2023-11-15 00:33:10 info: ==================================
2023-11-15 00:33:10 info: ======= ENV: "development" =======
2023-11-15 00:33:10 info: 🦻 App listening on port - 3500 🦻
2023-11-15 00:33:10 info: 🔗 http://localhost:3500/api/v1 🔗
2023-11-15 00:33:10 info: ==================================
2023-11-15 00:33:11 info: ==================================
2023-11-15 00:33:11 info: ======= ENV: "development" =======
2023-11-15 00:33:11 info: 🦻 App listening on port - 3500 🦻
2023-11-15 00:33:11 info: 🔗 http://localhost:3500/api/v1 🔗
2023-11-15 00:33:11 info: ==================================
2023-11-15 00:33:13 info: ==================================
2023-11-15 00:33:13 info: ======= ENV: "development" =======
2023-11-15 00:33:13 info: 🦻 App listening on port - 3500 🦻
2023-11-15 00:33:13 info: 🔗 http://localhost:3500/api/v1 🔗
2023-11-15 00:33:13 info: ==================================
2023-11-15 00:33:15 info: ==================================
2023-11-15 00:33:15 info: ======= ENV: "development" =======
2023-11-15 00:33:15 info: 🦻 App listening on port - 3500 🦻
2023-11-15 00:33:15 info: 🔗 http://localhost:3500/api/v1 🔗
2023-11-15 00:33:15 info: ==================================
2023-11-15 00:33:17 info: ==================================
2023-11-15 00:33:17 info: ======= ENV: "development" =======
2023-11-15 00:33:17 info: 🦻 App listening on port - 3500 🦻
2023-11-15 00:33:17 info: 🔗 http://localhost:3500/api/v1 🔗
2023-11-15 00:33:17 info: ==================================
2023-11-15 00:33:20 info: ==================================
2023-11-15 00:33:20 info: ======= ENV: "development" =======
2023-11-15 00:33:20 info: 🦻 App listening on port - 3500 🦻
2023-11-15 00:33:20 info: 🔗 http://localhost:3500/api/v1 🔗
2023-11-15 00:33:20 info: ==================================
2023-11-15 00:33:24 info: ==================================
2023-11-15 00:33:24 info: ======= ENV: "development" =======
2023-11-15 00:33:24 info: 🦻 App listening on port - 3500 🦻
2023-11-15 00:33:24 info: 🔗 http://localhost:3500/api/v1 🔗
2023-11-15 00:33:24 info: ==================================
2023-11-15 00:33:27 info: ==================================
2023-11-15 00:33:27 info: ======= ENV: "development" =======
2023-11-15 00:33:27 info: 🦻 App listening on port - 3500 🦻
2023-11-15 00:33:27 info: 🔗 http://localhost:3500/api/v1 🔗
2023-11-15 00:33:27 info: ==================================
2023-11-15 00:33:31 info: ==================================
2023-11-15 00:33:31 info: ======= ENV: "development" =======
2023-11-15 00:33:31 info: 🦻 App listening on port - 3500 🦻
2023-11-15 00:33:31 info: 🔗 http://localhost:3500/api/v1 🔗
2023-11-15 00:33:31 info: ==================================
2023-11-15 00:33:36 info: ==================================
2023-11-15 00:33:36 info: ======= ENV: "development" =======
2023-11-15 00:33:36 info: 🦻 App listening on port - 3500 🦻
2023-11-15 00:33:36 info: 🔗 http://localhost:3500/api/v1 🔗
2023-11-15 00:33:36 info: ==================================
2023-11-15 00:33:40 info: ==================================
2023-11-15 00:33:40 info: ======= ENV: "development" =======
2023-11-15 00:33:40 info: 🦻 App listening on port - 3500 🦻
2023-11-15 00:33:40 info: 🔗 http://localhost:3500/api/v1 🔗
2023-11-15 00:33:40 info: ==================================
2023-11-15 00:33:42 info: ==================================
2023-11-15 00:33:42 info: ======= ENV: "development" =======
2023-11-15 00:33:42 info: 🦻 App listening on port - 3500 🦻
2023-11-15 00:33:42 info: 🔗 http://localhost:3500/api/v1 🔗
2023-11-15 00:33:42 info: ==================================
2023-11-15 00:34:56 info: ==================================
2023-11-15 00:34:56 info: ======= ENV: "development" =======
2023-11-15 00:34:56 info: 🦻 App listening on port - 3500 🦻
2023-11-15 00:34:56 info: 🔗 http://localhost:3500/api/v1 🔗
2023-11-15 00:34:56 info: ==================================
2023-11-15 00:34:56 info: ======= 🔌 DB Connected 🔌 =======
2023-11-15 00:34:56 info: ==================================
2023-11-15 00:41:17 info: ==================================
2023-11-15 00:41:17 info: ======= ENV: "development" =======
2023-11-15 00:41:17 info: 🦻 App listening on port - 3500 🦻
2023-11-15 00:41:17 info: 🔗 http://localhost:3500/api/v1 🔗
2023-11-15 00:41:17 info: ==================================
2023-11-15 00:41:17 info: ======= 🔌 DB Connected 🔌 =======
2023-11-15 00:41:17 info: ==================================
2023-11-15 00:41:20 info: ==================================
2023-11-15 00:41:20 info: ======= ENV: "development" =======
2023-11-15 00:41:20 info: 🦻 App listening on port - 3500 🦻
2023-11-15 00:41:20 info: 🔗 http://localhost:3500/api/v1 🔗
2023-11-15 00:41:20 info: ==================================
2023-11-15 00:41:21 info: ======= 🔌 DB Connected 🔌 =======
2023-11-15 00:41:21 info: ==================================
2023-11-15 00:42:05 info: ==================================
2023-11-15 00:42:05 info: ======= ENV: "development" =======
2023-11-15 00:42:05 info: 🦻 App listening on port - 3500 🦻
2023-11-15 00:42:05 info: 🔗 http://localhost:3500/api/v1 🔗
2023-11-15 00:42:05 info: ==================================
2023-11-15 00:42:07 info: ==================================
2023-11-15 00:42:07 info: ======= ENV: "development" =======
2023-11-15 00:42:07 info: 🦻 App listening on port - 3500 🦻
2023-11-15 00:42:07 info: 🔗 http://localhost:3500/api/v1 🔗
2023-11-15 00:42:07 info: ==================================
2023-11-15 00:42:14 info: ==================================
2023-11-15 00:42:14 info: ======= ENV: "development" =======
2023-11-15 00:42:14 info: 🦻 App listening on port - 3500 🦻
2023-11-15 00:42:14 info: 🔗 http://localhost:3500/api/v1 🔗
2023-11-15 00:42:14 info: ==================================
2023-11-15 00:42:14 info: ======= 🔌 DB Connected 🔌 =======
2023-11-15 00:42:14 info: ==================================
2023-11-15 00:42:16 info: ==================================
2023-11-15 00:42:16 info: ======= ENV: "development" =======
2023-11-15 00:42:16 info: 🦻 App listening on port - 3500 🦻
2023-11-15 00:42:16 info: 🔗 http://localhost:3500/api/v1 🔗
2023-11-15 00:42:16 info: ==================================
2023-11-15 00:42:16 info: ======= 🔌 DB Connected 🔌 =======
2023-11-15 00:42:16 info: ==================================
2023-11-15 00:43:59 info: ==================================
2023-11-15 00:43:59 info: ======= ENV: "development" =======
2023-11-15 00:43:59 info: 🦻 App listening on port - 3500 🦻
2023-11-15 00:43:59 info: 🔗 http://localhost:3500/api/v1 🔗
2023-11-15 00:43:59 info: ==================================
2023-11-15 00:44:16 info: ==================================
2023-11-15 00:44:16 info: ======= ENV: "development" =======
2023-11-15 00:44:16 info: 🦻 App listening on port - 3500 🦻
2023-11-15 00:44:16 info: 🔗 http://localhost:3500/api/v1 🔗
2023-11-15 00:44:16 info: ==================================
2023-11-15 00:44:16 info: ======= 🔌 DB Connected 🔌 =======
2023-11-15 00:44:16 info: ==================================
2023-11-15 00:45:57 info: ==================================
2023-11-15 00:45:57 info: ======= ENV: "development" =======
2023-11-15 00:45:57 info: 🦻 App listening on port - 3500 🦻
2023-11-15 00:45:57 info: 🔗 http://localhost:3500/api/v1 🔗
2023-11-15 00:45:57 info: ==================================
2023-11-15 00:46:02 info: ==================================
2023-11-15 00:46:02 info: ======= ENV: "development" =======
2023-11-15 00:46:02 info: 🦻 App listening on port - 3500 🦻
2023-11-15 00:46:02 info: 🔗 http://localhost:3500/api/v1 🔗
2023-11-15 00:46:02 info: ==================================
2023-11-15 00:46:05 info: ==================================
2023-11-15 00:46:05 info: ======= ENV: "development" =======
2023-11-15 00:46:05 info: 🦻 App listening on port - 3500 🦻
2023-11-15 00:46:05 info: 🔗 http://localhost:3500/api/v1 🔗
2023-11-15 00:46:05 info: ==================================
2023-11-15 00:46:05 info: ======= 🔌 DB Connected 🔌 =======
2023-11-15 00:46:05 info: ==================================
2023-11-15 00:49:30 info: ==================================
2023-11-15 00:49:30 info: ======= ENV: "development" =======
2023-11-15 00:49:30 info: 🦻 App listening on port - 3500 🦻
2023-11-15 00:49:30 info: 🔗 http://localhost:3500/api/v1 🔗
2023-11-15 00:49:30 info: ==================================
2023-11-15 00:49:30 info: ======= 🔌 DB Connected 🔌 =======
2023-11-15 00:49:30 info: ==================================
2023-11-15 00:49:36 info: ==================================
2023-11-15 00:49:36 info: ======= ENV: "development" =======
2023-11-15 00:49:36 info: 🦻 App listening on port - 3500 🦻
2023-11-15 00:49:36 info: 🔗 http://localhost:3500/api/v1 🔗
2023-11-15 00:49:36 info: ==================================
2023-11-15 00:49:36 info: ======= 🔌 DB Connected 🔌 =======
2023-11-15 00:49:36 info: ==================================
2023-11-15 01:01:27 info: ==================================
2023-11-15 01:01:27 info: ======= ENV: "development" =======
2023-11-15 01:01:27 info: 🦻 App listening on port - 3500 🦻
2023-11-15 01:01:27 info: 🔗 http://localhost:3500/api/v1 🔗
2023-11-15 01:01:27 info: ==================================
2023-11-15 01:01:28 info: ======= 🔌 DB Connected 🔌 =======
2023-11-15 01:01:28 info: ==================================
2023-11-15 01:01:37 info: ==================================
2023-11-15 01:01:37 info: ======= ENV: "development" =======
2023-11-15 01:01:37 info: 🦻 App listening on port - 3500 🦻
2023-11-15 01:01:37 info: 🔗 http://localhost:3500/api/v1 🔗
2023-11-15 01:01:37 info: ==================================
2023-11-15 01:01:37 info: ======= 🔌 DB Connected 🔌 =======
2023-11-15 01:01:37 info: ==================================
