2023-11-24 20:54:43 info: ==================================
2023-11-24 20:54:43 info: ======= ENV: "development" =======
2023-11-24 20:54:43 info: 🦻 App listening on port - 3001 🦻
2023-11-24 20:54:43 info: 🔗 http://localhost:3001/api/v1 🔗
2023-11-24 20:54:43 info: ==================================
2023-11-24 20:54:43 info: ======= 🔌 DB Connected 🔌 =======
2023-11-24 20:54:43 info: ==================================
2023-11-24 20:55:25 info: ==================================
2023-11-24 20:55:25 info: ======= ENV: "development" =======
2023-11-24 20:55:25 info: 🦻 App listening on port - 3001 🦻
2023-11-24 20:55:25 info: 🔗 http://localhost:3001/api/v1 🔗
2023-11-24 20:55:25 info: ==================================
2023-11-24 20:55:26 info: ======= 🔌 DB Connected 🔌 =======
2023-11-24 20:55:26 info: ==================================
2023-11-24 20:56:33 info: ==================================
2023-11-24 20:56:33 info: ======= ENV: "development" =======
2023-11-24 20:56:33 info: 🦻 App listening on port - 3001 🦻
2023-11-24 20:56:33 info: 🔗 http://localhost:3001/api/v1 🔗
2023-11-24 20:56:33 info: ==================================
2023-11-24 20:56:33 info: ======= 🔌 DB Connected 🔌 =======
2023-11-24 20:56:33 info: ==================================
