2023-11-08 01:14:17 info: ==================================
2023-11-08 01:14:17 info: ======= ENV: "development" =======
2023-11-08 01:14:17 info: 🚀 App listening on port - 3001 🚀
2023-11-08 01:14:17 info: 🔗 http://localhost:3001/api/v1 🔗
2023-11-08 01:14:17 info: ==================================
2023-11-08 01:15:02 info: [0mGET /api/v1/user/12 [32m200[0m 5.021 ms - 42[0m
2023-11-08 01:15:07 info: [0mGET /api/v1/user [32m200[0m 1.957 ms - 37[0m
2023-11-08 01:15:38 info: ==================================
2023-11-08 01:15:38 info: ======= ENV: "development" =======
2023-11-08 01:15:38 info: 🚀 App listening on port - 3001 🚀
2023-11-08 01:15:38 info: 🔗 http://localhost:3001/api/v1 🔗
2023-11-08 01:15:38 info: ==================================
2023-11-08 01:15:38 info: ==================================
2023-11-08 01:15:38 info: ======= ENV: "development" =======
2023-11-08 01:15:38 info: 🚀 App listening on port - 3001 🚀
2023-11-08 01:15:38 info: 🔗 http://localhost:3001/api/v1 🔗
2023-11-08 01:15:38 info: ==================================
2023-11-08 01:15:43 info: ==================================
2023-11-08 01:15:43 info: ======= ENV: "development" =======
2023-11-08 01:15:43 info: 🚀 App listening on port - 3001 🚀
2023-11-08 01:15:43 info: 🔗 http://localhost:3001/api/v1 🔗
2023-11-08 01:15:43 info: ==================================
2023-11-08 01:15:50 info: ==================================
2023-11-08 01:15:50 info: ======= ENV: "development" =======
2023-11-08 01:15:50 info: 🚀 App listening on port - 3001 🚀
2023-11-08 01:15:50 info: 🔗 http://localhost:3001/api/v1 🔗
2023-11-08 01:15:50 info: ==================================
2023-11-08 01:15:51 info: ==================================
2023-11-08 01:15:51 info: ======= ENV: "development" =======
2023-11-08 01:15:51 info: 🚀 App listening on port - 3001 🚀
2023-11-08 01:15:51 info: 🔗 http://localhost:3001/api/v1 🔗
2023-11-08 01:15:51 info: ==================================
2023-11-08 01:15:56 info: ==================================
2023-11-08 01:15:56 info: ======= ENV: "development" =======
2023-11-08 01:15:56 info: 🚀 App listening on port - 3001 🚀
2023-11-08 01:15:56 info: 🔗 http://localhost:3001/api/v1 🔗
2023-11-08 01:15:56 info: ==================================
2023-11-08 01:15:58 info: ==================================
2023-11-08 01:15:58 info: ======= ENV: "development" =======
2023-11-08 01:15:58 info: 🚀 App listening on port - 3001 🚀
2023-11-08 01:15:58 info: 🔗 http://localhost:3001/api/v1 🔗
2023-11-08 01:15:58 info: ==================================
2023-11-08 01:16:07 info: ==================================
2023-11-08 01:16:07 info: ======= ENV: "development" =======
2023-11-08 01:16:07 info: 🚀 App listening on port - 3001 🚀
2023-11-08 01:16:07 info: 🔗 http://localhost:3001/api/v1 🔗
2023-11-08 01:16:07 info: ==================================
2023-11-08 01:16:16 info: ==================================
2023-11-08 01:16:16 info: ======= ENV: "development" =======
2023-11-08 01:16:16 info: 🚀 App listening on port - 3001 🚀
2023-11-08 01:16:16 info: 🔗 http://localhost:3001/api/v1 🔗
2023-11-08 01:16:16 info: ==================================
2023-11-08 01:16:17 info: ==================================
2023-11-08 01:16:17 info: ======= ENV: "development" =======
2023-11-08 01:16:17 info: 🚀 App listening on port - 3001 🚀
2023-11-08 01:16:17 info: 🔗 http://localhost:3001/api/v1 🔗
2023-11-08 01:16:17 info: ==================================
