2023-11-05 14:50:58 info: =================================
2023-11-05 14:50:58 info: ======= ENV: development =======
2023-11-05 14:50:58 info: 🚀 App listening on port: 3000
2023-11-05 14:50:58 info: =================================
2023-11-05 14:51:10 info: =================================
2023-11-05 14:51:10 info: ======= ENV: "development =======
2023-11-05 14:51:10 info: 🚀 App listening on port: 3000
2023-11-05 14:51:10 info: =================================
2023-11-05 14:51:12 info: =================================
2023-11-05 14:51:12 info: ======= ENV: "development" =======
2023-11-05 14:51:12 info: 🚀 App listening on port: 3000
2023-11-05 14:51:12 info: =================================
2023-11-05 14:51:23 info: =================================
2023-11-05 14:51:23 info: ======= ENV: "development" =======
2023-11-05 14:51:23 info: 🚀 App listening on port: 3000
2023-11-05 14:51:23 info: =================================
2023-11-05 14:51:29 info: ==================================
2023-11-05 14:51:29 info: ======= ENV: "development" =======
2023-11-05 14:51:29 info: 🚀 App listening on port: 3000
2023-11-05 14:51:29 info: =================================
2023-11-05 14:51:32 info: ==================================
2023-11-05 14:51:32 info: ======= ENV: "development" =======
2023-11-05 14:51:32 info: 🚀 App listening on port: 3000
2023-11-05 14:51:32 info: ==================================
2023-11-05 14:52:00 info: ==================================
2023-11-05 14:52:00 info: ======= ENV: "development" =======
2023-11-05 14:52:00 info: 🚀 App listening on port: 3000 
2023-11-05 14:52:00 info: ==================================
2023-11-05 14:56:47 info: ==================================
2023-11-05 14:56:47 info: ======= ENV: "development" =======
2023-11-05 14:56:47 info: 🚀 App listening on port: 3000 👾
2023-11-05 14:56:47 info: ==================================
2023-11-05 14:56:58 info: ==================================
2023-11-05 14:56:58 info: ======= ENV: "development" =======
2023-11-05 14:56:58 info: 🚀 App listening on port - 3000 👾
2023-11-05 14:56:58 info: ==================================
2023-11-05 14:57:40 info: ==================================
2023-11-05 14:57:40 info: ======= ENV: "development" =======
2023-11-05 14:57:40 info: 🚀 App listening on port - 3000 👾
2023-11-05 14:57:40 info: 🚀 App listening on port - 3000 👾
2023-11-05 14:57:40 info: ==================================
2023-11-05 14:57:52 info: ==================================
2023-11-05 14:57:52 info: ======= ENV: "development" =======
2023-11-05 14:57:52 info: 🚀 App listening on port - 3000 👾
2023-11-05 14:57:52 info: 🚀 http://localhost:3000 👾
2023-11-05 14:57:52 info: ==================================
2023-11-05 14:57:56 info: ==================================
2023-11-05 14:57:56 info: ======= ENV: "development" =======
2023-11-05 14:57:56 info: 🚀 App listening on port - 3000 👾
2023-11-05 14:57:56 info: 🚀 http://localhost:3000/ 👾
2023-11-05 14:57:56 info: ==================================
2023-11-05 14:57:58 info: ==================================
2023-11-05 14:57:58 info: ======= ENV: "development" =======
2023-11-05 14:57:58 info: 🚀 App listening on port - 3000 👾
2023-11-05 14:57:58 info: 🚀 http://localhost:3000/api 👾
2023-11-05 14:57:58 info: ==================================
2023-11-05 14:57:59 info: ==================================
2023-11-05 14:57:59 info: ======= ENV: "development" =======
2023-11-05 14:57:59 info: 🚀 App listening on port - 3000 👾
2023-11-05 14:57:59 info: 🚀 http://localhost:3000/api/ 👾
2023-11-05 14:57:59 info: ==================================
2023-11-05 14:58:10 info: ==================================
2023-11-05 14:58:10 info: ======= ENV: "development" =======
2023-11-05 14:58:10 info: 🚀 App listening on port - 3000 👾
2023-11-05 14:58:10 info: 🚀 http://localhost:3000/api/v1 👾
2023-11-05 14:58:10 info: ==================================
2023-11-05 14:58:25 info: ==================================
2023-11-05 14:58:25 info: ======= ENV: "development" =======
2023-11-05 14:58:25 info: 🚀 App listening on port - 3000 👾
2023-11-05 14:58:25 info:  http://localhost:3000/api/v1 👾
2023-11-05 14:58:25 info: ==================================
2023-11-05 14:58:39 info: ==================================
2023-11-05 14:58:39 info: ======= ENV: "development" =======
2023-11-05 14:58:39 info: 🚀 App listening on port - 3000 👾
2023-11-05 14:58:39 info: 🔗 http://localhost:3000/api/v1 👾
2023-11-05 14:58:39 info: ==================================
2023-11-05 14:58:47 info: ==================================
2023-11-05 14:58:47 info: ======= ENV: "development" =======
2023-11-05 14:58:47 info: 🚀 App listening on port - 3000 🚀
2023-11-05 14:58:47 info: 🔗 http://localhost:3000/api/v1 👾
2023-11-05 14:58:47 info: ==================================
2023-11-05 14:58:55 info: ==================================
2023-11-05 14:58:55 info: ======= ENV: "development" =======
2023-11-05 14:58:55 info: 🚀 App listening on port - 3000 🚀
2023-11-05 14:58:55 info: 🔗 http://localhost:3000/api/v1 🔗
2023-11-05 14:58:55 info: ==================================
2023-11-05 14:59:13 info: ==================================
2023-11-05 14:59:13 info: ======= ENV: "development" =======
2023-11-05 14:59:13 info: 🚀 App listening on port - 3000 🚀
2023-11-05 14:59:13 warn: 🔗 http://localhost:3000/api/v1 🔗
2023-11-05 14:59:13 info: ==================================
2023-11-05 14:59:20 info: ==================================
2023-11-05 14:59:20 info: ======= ENV: "development" =======
2023-11-05 14:59:20 info: 🚀 App listening on port - 3000 🚀
2023-11-05 14:59:20 info: 🔗 http://localhost:3000/api/v1 🔗
2023-11-05 14:59:20 info: ==================================
2023-11-05 15:01:09 info: ==================================
2023-11-05 15:01:09 info: ======= ENV: "development" =======
2023-11-05 15:01:09 info: 🚀 App listening on port - 3000 🚀
2023-11-05 15:01:09 info: 🔗 http://localhost:3000/api/v1 🔗
2023-11-05 15:01:09 info: ==================================
2023-11-05 15:01:11 info: ==================================
2023-11-05 15:01:11 info: ======= ENV: "development" =======
2023-11-05 15:01:11 info: 🚀 App listening on port - 3000 🚀
2023-11-05 15:01:11 info: 🔗 http://localhost:3000/api/v1 🔗
2023-11-05 15:01:11 info: ==================================
2023-11-05 15:01:15 info: ==================================
2023-11-05 15:01:15 info: ======= ENV: "development" =======
2023-11-05 15:01:15 info: 🚀 App listening on port - 3000 🚀
2023-11-05 15:01:15 info: 🔗 http://localhost:3000/api/v1 🔗
2023-11-05 15:01:15 info: ==================================
2023-11-05 15:01:22 info: ==================================
2023-11-05 15:01:22 info: ======= ENV: "development" =======
2023-11-05 15:01:22 info: 🚀 App listening on port - 3000 🚀
2023-11-05 15:01:22 info: 🔗 http://localhost:3000/api/v1 🔗
2023-11-05 15:01:22 info: ==================================
2023-11-05 15:01:29 info: ==================================
2023-11-05 15:01:29 info: ======= ENV: "development" =======
2023-11-05 15:01:29 info: 🚀 App listening on port - 3000 🚀
2023-11-05 15:01:29 info: 🔗 http://localhost:3000/api/v1 🔗
2023-11-05 15:01:29 info: ==================================
2023-11-05 15:01:31 info: ==================================
2023-11-05 15:01:31 info: ======= ENV: "development" =======
2023-11-05 15:01:31 info: 🚀 App listening on port - 3000 🚀
2023-11-05 15:01:31 info: 🔗 http://localhost:3000/api/v1 🔗
2023-11-05 15:01:31 info: ==================================
2023-11-05 15:01:32 info: ==================================
2023-11-05 15:01:32 info: ======= ENV: "development" =======
2023-11-05 15:01:32 info: 🚀 App listening on port - 3000 🚀
2023-11-05 15:01:32 info: 🔗 http://localhost:3000/api/v1 🔗
2023-11-05 15:01:32 info: ==================================
2023-11-05 15:02:38 info: ==================================
2023-11-05 15:02:38 info: ======= ENV: "development" =======
2023-11-05 15:02:38 info: 🚀 App listening on port - 3000 🚀
2023-11-05 15:02:38 info: 🔗 http://localhost:3000/api/v1 🔗
2023-11-05 15:02:38 info: ==================================
2023-11-05 15:02:42 info: ==================================
2023-11-05 15:02:42 info: ======= ENV: "development" =======
2023-11-05 15:02:42 info: 🚀 App listening on port - 3000 🚀
2023-11-05 15:02:42 info: 🔗 http://localhost:3000/api/v1 🔗
2023-11-05 15:02:42 info: ==================================
2023-11-05 15:02:49 info: ==================================
2023-11-05 15:02:49 info: ======= ENV: "development" =======
2023-11-05 15:02:49 info: 🚀 App listening on port - 3000 🚀
2023-11-05 15:02:49 info: 🔗 http://localhost:3000/api/v1 🔗
2023-11-05 15:02:49 info: ==================================
2023-11-05 15:02:58 info: ==================================
2023-11-05 15:02:58 info: ======= ENV: "development" =======
2023-11-05 15:02:58 info: 🚀 App listening on port - 3000 🚀
2023-11-05 15:02:58 info: 🔗 http://localhost:3000/api/v1 🔗
2023-11-05 15:02:58 info: ==================================
2023-11-05 15:04:57 info: ==================================
2023-11-05 15:04:57 info: ======= ENV: "development" =======
2023-11-05 15:04:57 info: 🚀 App listening on port - 3000 🚀
2023-11-05 15:04:57 info: 🔗 http://localhost:3000/api/v1 🔗
2023-11-05 15:04:57 info: ==================================
2023-11-05 15:10:01 info: ==================================
2023-11-05 15:10:01 info: ======= ENV: "development" =======
2023-11-05 15:10:01 info: 🚀 App listening on port - 3001 🚀
2023-11-05 15:10:01 info: 🔗 http://localhost:3001/api/v1 🔗
2023-11-05 15:10:01 info: ==================================
2023-11-05 15:10:10 info: ==================================
2023-11-05 15:10:10 info: ======= ENV: "development" =======
2023-11-05 15:10:10 info: 🚀 App listening on port - 3001 🚀
2023-11-05 15:10:10 info: 🔗 http://localhost:3001/api/v1 🔗
2023-11-05 15:10:10 info: ==================================
2023-11-05 15:10:20 info: ==================================
2023-11-05 15:10:20 info: ======= ENV: "development" =======
2023-11-05 15:10:20 info: 🚀 App listening on port - 3001 🚀
2023-11-05 15:10:20 info: 🔗 http://localhost:3001/api/v1 🔗
2023-11-05 15:10:20 info: ==================================
2023-11-05 15:12:03 info: ==================================
2023-11-05 15:12:03 info: ======= ENV: "development" =======
2023-11-05 15:12:03 info: 🚀 App listening on port - 3001 🚀
2023-11-05 15:12:03 info: 🔗 http://localhost:3001/api/v1 🔗
2023-11-05 15:12:03 info: ==================================
2023-11-05 15:12:26 info: ==================================
2023-11-05 15:12:26 info: ======= ENV: "development" =======
2023-11-05 15:12:26 info: 🚀 App listening on port - 3001 🚀
2023-11-05 15:12:26 info: 🔗 http://localhost:3001/api/v1 🔗
2023-11-05 15:12:26 info: ==================================
2023-11-05 15:12:27 info: ==================================
2023-11-05 15:12:27 info: ======= ENV: "development" =======
2023-11-05 15:12:27 info: 🚀 App listening on port - 3001 🚀
2023-11-05 15:12:27 info: 🔗 http://localhost:3001/api/v1 🔗
2023-11-05 15:12:27 info: ==================================
2023-11-05 15:12:29 info: ==================================
2023-11-05 15:12:29 info: ======= ENV: "development" =======
2023-11-05 15:12:29 info: 🚀 App listening on port - 3001 🚀
2023-11-05 15:12:29 info: 🔗 http://localhost:3001/api/v1 🔗
2023-11-05 15:12:29 info: ==================================
2023-11-05 15:12:36 info: ==================================
2023-11-05 15:12:36 info: ======= ENV: "development" =======
2023-11-05 15:12:36 info: 🚀 App listening on port - 3001 🚀
2023-11-05 15:12:36 info: 🔗 http://localhost:3001/api/v1 🔗
2023-11-05 15:12:36 info: ==================================
2023-11-05 15:12:43 info: ==================================
2023-11-05 15:12:43 info: ======= ENV: "development" =======
2023-11-05 15:12:43 info: 🚀 App listening on port - 3001 🚀
2023-11-05 15:12:43 info: 🔗 http://localhost:3001/api/v1 🔗
2023-11-05 15:12:43 info: ==================================
2023-11-05 15:12:46 info: ==================================
2023-11-05 15:12:46 info: ======= ENV: "development" =======
2023-11-05 15:12:46 info: 🚀 App listening on port - 3001 🚀
2023-11-05 15:12:46 info: 🔗 http://localhost:3001/api/v1 🔗
2023-11-05 15:12:46 info: ==================================
2023-11-05 15:12:51 info: ==================================
2023-11-05 15:12:51 info: ======= ENV: "development" =======
2023-11-05 15:12:51 info: 🚀 App listening on port - 3001 🚀
2023-11-05 15:12:51 info: 🔗 http://localhost:3001/api/v1 🔗
2023-11-05 15:12:51 info: ==================================
2023-11-05 15:12:57 info: ==================================
2023-11-05 15:12:57 info: ======= ENV: "development" =======
2023-11-05 15:12:57 info: 🚀 App listening on port - 3001 🚀
2023-11-05 15:12:57 info: 🔗 http://localhost:3001/api/v1 🔗
2023-11-05 15:12:57 info: ==================================
2023-11-05 15:22:59 info: ==================================
2023-11-05 15:22:59 info: ======= ENV: "development" =======
2023-11-05 15:22:59 info: 🚀 App listening on port - 3001 🚀
2023-11-05 15:22:59 info: 🔗 http://localhost:3001/api/v1 🔗
2023-11-05 15:22:59 info: ==================================
2023-11-05 15:42:23 info: ==================================
2023-11-05 15:42:23 info: ======= ENV: "development" =======
2023-11-05 15:42:23 info: 🚀 App listening on port - 3001 🚀
2023-11-05 15:42:23 info: 🔗 http://localhost:3001/api/v1 🔗
2023-11-05 15:42:23 info: ==================================
2023-11-05 15:42:27 info: ==================================
2023-11-05 15:42:27 info: ======= ENV: "development" =======
2023-11-05 15:42:27 info: 🚀 App listening on port - 3001 🚀
2023-11-05 15:42:27 info: 🔗 http://localhost:3001/api/v1 🔗
2023-11-05 15:42:27 info: ==================================
2023-11-05 15:42:44 info: ==================================
2023-11-05 15:42:44 info: ======= ENV: "development" =======
2023-11-05 15:42:44 info: 🚀 App listening on port - 3001 🚀
2023-11-05 15:42:44 info: 🔗 http://localhost:3001/api/v1 🔗
2023-11-05 15:42:44 info: ==================================
2023-11-05 15:43:29 info: ==================================
2023-11-05 15:43:29 info: ======= ENV: "development" =======
2023-11-05 15:43:29 info: 🚀 App listening on port - 3001 🚀
2023-11-05 15:43:29 info: 🔗 http://localhost:3001/api/v1 🔗
2023-11-05 15:43:29 info: ==================================
2023-11-05 15:43:30 info: ==================================
2023-11-05 15:43:30 info: ======= ENV: "development" =======
2023-11-05 15:43:30 info: 🚀 App listening on port - 3001 🚀
2023-11-05 15:43:30 info: 🔗 http://localhost:3001/api/v1 🔗
2023-11-05 15:43:30 info: ==================================
2023-11-05 15:43:34 info: ==================================
2023-11-05 15:43:34 info: ======= ENV: "development" =======
2023-11-05 15:43:34 info: 🚀 App listening on port - 3001 🚀
2023-11-05 15:43:34 info: 🔗 http://localhost:3001/api/v1 🔗
2023-11-05 15:43:34 info: ==================================
2023-11-05 15:43:36 info: ==================================
2023-11-05 15:43:36 info: ======= ENV: "development" =======
2023-11-05 15:43:36 info: 🚀 App listening on port - 3001 🚀
2023-11-05 15:43:36 info: 🔗 http://localhost:3001/api/v1 🔗
2023-11-05 15:43:36 info: ==================================
2023-11-05 15:43:41 info: ==================================
2023-11-05 15:43:41 info: ======= ENV: "development" =======
2023-11-05 15:43:41 info: 🚀 App listening on port - 3001 🚀
2023-11-05 15:43:41 info: 🔗 http://localhost:3001/api/v1 🔗
2023-11-05 15:43:41 info: ==================================
2023-11-05 15:43:50 info: ==================================
2023-11-05 15:43:50 info: ======= ENV: "development" =======
2023-11-05 15:43:50 info: 🚀 App listening on port - 3001 🚀
2023-11-05 15:43:50 info: 🔗 http://localhost:3001/api/v1 🔗
2023-11-05 15:43:50 info: ==================================
2023-11-05 15:43:55 info: ==================================
2023-11-05 15:43:55 info: ======= ENV: "development" =======
2023-11-05 15:43:55 info: 🚀 App listening on port - 3001 🚀
2023-11-05 15:43:55 info: 🔗 http://localhost:3001/api/v1 🔗
2023-11-05 15:43:55 info: ==================================
2023-11-05 15:43:59 info: ==================================
2023-11-05 15:43:59 info: ======= ENV: "development" =======
2023-11-05 15:43:59 info: 🚀 App listening on port - 3001 🚀
2023-11-05 15:43:59 info: 🔗 http://localhost:3001/api/v1 🔗
2023-11-05 15:43:59 info: ==================================
2023-11-05 15:44:08 info: ==================================
2023-11-05 15:44:08 info: ======= ENV: "development" =======
2023-11-05 15:44:08 info: 🚀 App listening on port - 3001 🚀
2023-11-05 15:44:08 info: 🔗 http://localhost:3001/api/v1 🔗
2023-11-05 15:44:08 info: ==================================
2023-11-05 15:44:10 info: ==================================
2023-11-05 15:44:10 info: ======= ENV: "development" =======
2023-11-05 15:44:10 info: 🚀 App listening on port - 3001 🚀
2023-11-05 15:44:10 info: 🔗 http://localhost:3001/api/v1 🔗
2023-11-05 15:44:10 info: ==================================
2023-11-05 15:44:13 info: ==================================
2023-11-05 15:44:13 info: ======= ENV: "development" =======
2023-11-05 15:44:13 info: 🚀 App listening on port - 3001 🚀
2023-11-05 15:44:13 info: 🔗 http://localhost:3001/api/v1 🔗
2023-11-05 15:44:13 info: ==================================
2023-11-05 15:44:15 info: ==================================
2023-11-05 15:44:15 info: ======= ENV: "development" =======
2023-11-05 15:44:15 info: 🚀 App listening on port - 3001 🚀
2023-11-05 15:44:15 info: 🔗 http://localhost:3001/api/v1 🔗
2023-11-05 15:44:15 info: ==================================
2023-11-05 15:44:19 info: ==================================
2023-11-05 15:44:19 info: ======= ENV: "development" =======
2023-11-05 15:44:19 info: 🚀 App listening on port - 3001 🚀
2023-11-05 15:44:19 info: 🔗 http://localhost:3001/api/v1 🔗
2023-11-05 15:44:19 info: ==================================
2023-11-05 15:44:23 info: ==================================
2023-11-05 15:44:23 info: ======= ENV: "development" =======
2023-11-05 15:44:23 info: 🚀 App listening on port - 3001 🚀
2023-11-05 15:44:23 info: 🔗 http://localhost:3001/api/v1 🔗
2023-11-05 15:44:23 info: ==================================
2023-11-05 15:44:41 info: ==================================
2023-11-05 15:44:41 info: ======= ENV: "development" =======
2023-11-05 15:44:41 info: 🚀 App listening on port - 3001 🚀
2023-11-05 15:44:41 info: 🔗 http://localhost:3001/api/v1 🔗
2023-11-05 15:44:41 info: ==================================
2023-11-05 15:44:42 info: ==================================
2023-11-05 15:44:42 info: ======= ENV: "development" =======
2023-11-05 15:44:42 info: 🚀 App listening on port - 3001 🚀
2023-11-05 15:44:42 info: 🔗 http://localhost:3001/api/v1 🔗
2023-11-05 15:44:42 info: ==================================
2023-11-05 15:44:44 info: ==================================
2023-11-05 15:44:44 info: ======= ENV: "development" =======
2023-11-05 15:44:44 info: 🚀 App listening on port - 3001 🚀
2023-11-05 15:44:44 info: 🔗 http://localhost:3001/api/v1 🔗
2023-11-05 15:44:44 info: ==================================
2023-11-05 15:44:53 info: ==================================
2023-11-05 15:44:53 info: ======= ENV: "development" =======
2023-11-05 15:44:53 info: 🚀 App listening on port - 3001 🚀
2023-11-05 15:44:53 info: 🔗 http://localhost:3001/api/v1 🔗
2023-11-05 15:44:53 info: ==================================
2023-11-05 15:46:06 info: ==================================
2023-11-05 15:46:06 info: ======= ENV: "development" =======
2023-11-05 15:46:06 info: 🚀 App listening on port - 3001 🚀
2023-11-05 15:46:06 info: 🔗 http://localhost:3001/api/v1 🔗
2023-11-05 15:46:06 info: ==================================
2023-11-05 15:46:22 info: ==================================
2023-11-05 15:46:22 info: ======= ENV: "development" =======
2023-11-05 15:46:22 info: 🚀 App listening on port - 3001 🚀
2023-11-05 15:46:22 info: 🔗 http://localhost:3001/api/v1 🔗
2023-11-05 15:46:22 info: ==================================
2023-11-05 15:46:23 info: ==================================
2023-11-05 15:46:23 info: ======= ENV: "development" =======
2023-11-05 15:46:23 info: 🚀 App listening on port - 3001 🚀
2023-11-05 15:46:23 info: 🔗 http://localhost:3001/api/v1 🔗
2023-11-05 15:46:23 info: ==================================
